2024-08-27 11:12:55 +0000  Initial pipeline context: <IDEDistributionProcessingPipelineContext: 0x7fecd2de5e70; archive(resolved)="<IDEArchive: 0x60005d9d0300>", distributionTask(resolved)="2", distributionDestination(resolved)="1", distributionMethod(resolved)="<IDEDistributionMethodDevelopmentSigned: 0x60000f174680>", team(resolved)="<IDEProvisioningDisambiguatableBasicTeam: 0x600002b87640; teamID='UMF7249LB9', teamName='Viral Bhadiyadra', teamType='Individual', username='ssinfo302@gmail.com', isFreeProvisioningTeam='0'>">
	Chain (15, self inclusive):
	<IDEDistributionProcessingPipelineContext: 0x7fecd2de5e70; archive = "<IDEArchive: 0x60005d9d0300>", distributionMethod="<IDEDistributionMethodDevelopmentSigned: 0x60000f174680>", team="<IDEProvisioningDisambiguatableBasicTeam: 0x600002b87640; teamID='UMF7249LB9', teamName='Viral Bhadiyadra', teamType='Individual', username='ssinfo302@gmail.com', isFreeProvisioningTeam='0'>">
	<IDEDistributionProcessingPipelineContext: 0x7fecd45902a0; archive = "<IDEArchive: 0x60005d9d0300>", distributionMethod="<IDEDistributionMethodDevelopmentSigned: 0x60000f174680>", team="<IDEProvisioningDisambiguatableBasicTeam: 0x600002b87640; teamID='UMF7249LB9', teamName='Viral Bhadiyadra', teamType='Individual', username='ssinfo302@gmail.com', isFreeProvisioningTeam='0'>">
	<IDEDistributionContext: 0x7fecd3644c90; archive = "<IDEArchive: 0x60005d9d0300>", distributionMethod="<IDEDistributionMethodDevelopmentSigned: 0x60000f174680>", team="<IDEProvisioningDisambiguatableBasicTeam: 0x600002b87640; teamID='UMF7249LB9', teamName='Viral Bhadiyadra', teamType='Individual', username='ssinfo302@gmail.com', isFreeProvisioningTeam='0'>">
	<IDEDistributionContext: 0x7fecd363fb30; archive = "<IDEArchive: 0x60005d9d0300>", distributionMethod="<IDEDistributionMethodDevelopmentSigned: 0x60000f174680>", team="<IDEProvisioningDisambiguatableBasicTeam: 0x600002b87640; teamID='UMF7249LB9', teamName='Viral Bhadiyadra', teamType='Individual', username='ssinfo302@gmail.com', isFreeProvisioningTeam='0'>">
	<IDEDistributionContext: 0x7fecd3131240; archive = "<IDEArchive: 0x60005d9d0300>", distributionMethod="<IDEDistributionMethodDevelopmentSigned: 0x60000f174680>", team="<IDEProvisioningDisambiguatableBasicTeam: 0x600002b87640; teamID='UMF7249LB9', teamName='Viral Bhadiyadra', teamType='Individual', username='ssinfo302@gmail.com', isFreeProvisioningTeam='0'>">
	<IDEDistributionContext: 0x7fece40735b0; archive = "<IDEArchive: 0x60005d9d0300>", distributionMethod="<IDEDistributionMethodDevelopmentSigned: 0x60000f174680>", team="<IDEProvisioningDisambiguatableBasicTeam: 0x600002b87640; teamID='UMF7249LB9', teamName='Viral Bhadiyadra', teamType='Individual', username='ssinfo302@gmail.com', isFreeProvisioningTeam='0'>">
	<IDEDistributionContext: 0x7fece4ad9490; archive = "<IDEArchive: 0x60005d9d0300>", distributionMethod="<IDEDistributionMethodDevelopmentSigned: 0x60000f174680>", team="<IDEProvisioningDisambiguatableBasicTeam: 0x600002b87640; teamID='UMF7249LB9', teamName='Viral Bhadiyadra', teamType='Individual', username='ssinfo302@gmail.com', isFreeProvisioningTeam='0'>">
	<IDEDistributionContext: 0x7fecf0f170f0; archive = "<IDEArchive: 0x60005d9d0300>", distributionMethod="<IDEDistributionMethodDevelopmentSigned: 0x60000f174680>", team="<IDEProvisioningDisambiguatableBasicTeam: 0x600002b87640; teamID='UMF7249LB9', teamName='Viral Bhadiyadra', teamType='Individual', username='ssinfo302@gmail.com', isFreeProvisioningTeam='0'>">
	<IDEDistributionContext: 0x7fecd36e41d0; archive = "<IDEArchive: 0x60005d9d0300>", distributionMethod="<IDEDistributionMethodDevelopmentSigned: 0x60000f174680>", team="<IDEProvisioningDisambiguatableBasicTeam: 0x600002b87640; teamID='UMF7249LB9', teamName='Viral Bhadiyadra', teamType='Individual', username='ssinfo302@gmail.com', isFreeProvisioningTeam='0'>">
	<IDEDistributionContext: 0x7fece420b700; archive = "<IDEArchive: 0x60005d9d0300>", distributionMethod="<IDEDistributionMethodDevelopmentSigned: 0x60000f174680>", team="(null)">
	<IDEDistributionContext: 0x7fecd1c9d4e0; archive = "<IDEArchive: 0x60005d9d0300>", distributionMethod="<IDEDistributionMethodDevelopmentSigned: 0x60000f174680>", team="(null)">
	<IDEDistributionContext: 0x7fece539f7c0; archive = "<IDEArchive: 0x60005d9d0300>", distributionMethod="<IDEDistributionMethodDevelopmentSigned: 0x60000f174680>", team="(null)">
	<IDEDistributionContext: 0x7fecd1e5f000; archive = "<IDEArchive: 0x60005d9d0300>", distributionMethod="<IDEDistributionMethodDevelopmentSigned: 0x60000f174680>", team="(null)">
	<IDEDistributionContext: 0x7fecd5f30520; archive = "<IDEArchive: 0x60005d9d0300>", distributionMethod="(null)", team="(null)">
	<IDEDistributionContext: 0x7fecd2db9120; archive = "<IDEArchive: 0x60005d9d0300>", distributionMethod="(null)", team="(null)">
</IDEDistributionProcessingPipelineContext: 0x7fecd2de5e70>
2024-08-27 11:12:55 +0000  Processing step: IDEDistributionCreateDestRootStep
2024-08-27 11:12:55 +0000  Processing step: IDEDistributionCopyItemStep
2024-08-27 11:12:55 +0000  Running /usr/bin/ditto '-V' '/Users/imac/Library/Developer/Xcode/Archives/2024-08-27/ordertank 27-08-24, 4.42 PM.xcarchive/Products/Applications/ordertank.app' '/var/folders/95/jk8djvtd27v783jktv4xlssw0000gn/T/XcodeDistPipeline.~~~SXJ7hs/Root/Payload/ordertank.app'
2024-08-27 11:12:55 +0000  >>> Copying /Users/imac/Library/Developer/Xcode/Archives/2024-08-27/ordertank 27-08-24, 4.42 PM.xcarchive/Products/Applications/ordertank.app 
2024-08-27 11:12:55 +0000  copying file ./_CodeSignature/CodeResources ... 
2024-08-27 11:12:55 +0000  67567 bytes for ./_CodeSignature/CodeResources
2024-08-27 11:12:55 +0000  copying file ./Lexend-Regular.ttf ... 
2024-08-27 11:12:55 +0000  78360 bytes for ./Lexend-Regular.ttf
copying file ./Montserrat-Medium.ttf ... 
2024-08-27 11:12:55 +0000  197756 bytes for ./Montserrat-Medium.ttf
copying file ./Lexend-SemiBold.ttf ... 
2024-08-27 11:12:55 +0000  78744 bytes for ./Lexend-SemiBold.ttf
2024-08-27 11:12:55 +0000  copying file ./QBImagePicker.bundle/de.lproj/QBImagePicker.strings ... 
2024-08-27 11:12:55 +0000  1131 bytes for ./QBImagePicker.bundle/de.lproj/QBImagePicker.strings
2024-08-27 11:12:55 +0000  copying file ./QBImagePicker.bundle/zh-Hans.lproj/QBImagePicker.strings ... 
2024-08-27 11:12:55 +0000  1119 bytes for ./QBImagePicker.bundle/zh-Hans.lproj/QBImagePicker.strings
2024-08-27 11:12:55 +0000  copying file ./QBImagePicker.bundle/ja.lproj/QBImagePicker.strings ... 
2024-08-27 11:12:55 +0000  1214 bytes for ./QBImagePicker.bundle/ja.lproj/QBImagePicker.strings
2024-08-27 11:12:55 +0000  copying file ./QBImagePicker.bundle/en.lproj/QBImagePicker.strings ... 
2024-08-27 11:12:55 +0000  1064 bytes for ./QBImagePicker.bundle/en.lproj/QBImagePicker.strings
2024-08-27 11:12:55 +0000  copying file ./QBImagePicker.bundle/uk.lproj/QBImagePicker.strings ... 
2024-08-27 11:12:55 +0000  1398 bytes for ./QBImagePicker.bundle/uk.lproj/QBImagePicker.strings
2024-08-27 11:12:55 +0000  copying file ./QBImagePicker.bundle/QBImagePicker.storyboardc/QiH-NZ-ZGN-view-sD2-zK-ryo.nib/runtime.nib ... 
2024-08-27 11:12:55 +0000  10065 bytes for ./QBImagePicker.bundle/QBImagePicker.storyboardc/QiH-NZ-ZGN-view-sD2-zK-ryo.nib/runtime.nib
2024-08-27 11:12:55 +0000  copying file ./QBImagePicker.bundle/QBImagePicker.storyboardc/QiH-NZ-ZGN-view-sD2-zK-ryo.nib/objects-12.3+.nib ... 
2024-08-27 11:12:55 +0000  10292 bytes for ./QBImagePicker.bundle/QBImagePicker.storyboardc/QiH-NZ-ZGN-view-sD2-zK-ryo.nib/objects-12.3+.nib
2024-08-27 11:12:55 +0000  copying file ./QBImagePicker.bundle/QBImagePicker.storyboardc/QBAlbumsViewController.nib/runtime.nib ... 
2024-08-27 11:12:55 +0000  1800 bytes for ./QBImagePicker.bundle/QBImagePicker.storyboardc/QBAlbumsViewController.nib/runtime.nib
2024-08-27 11:12:55 +0000  copying file ./QBImagePicker.bundle/QBImagePicker.storyboardc/QBAlbumsViewController.nib/objects-12.3+.nib ... 
2024-08-27 11:12:55 +0000  1800 bytes for ./QBImagePicker.bundle/QBImagePicker.storyboardc/QBAlbumsViewController.nib/objects-12.3+.nib
2024-08-27 11:12:55 +0000  copying file ./QBImagePicker.bundle/QBImagePicker.storyboardc/QBAssetsViewController.nib/runtime.nib ... 
2024-08-27 11:12:55 +0000  1393 bytes for ./QBImagePicker.bundle/QBImagePicker.storyboardc/QBAssetsViewController.nib/runtime.nib
2024-08-27 11:12:55 +0000  copying file ./QBImagePicker.bundle/QBImagePicker.storyboardc/QBAssetsViewController.nib/objects-12.3+.nib ... 
2024-08-27 11:12:55 +0000  1393 bytes for ./QBImagePicker.bundle/QBImagePicker.storyboardc/QBAssetsViewController.nib/objects-12.3+.nib
2024-08-27 11:12:55 +0000  copying file ./QBImagePicker.bundle/QBImagePicker.storyboardc/QL5-wR-LYt-view-66K-TS-Yoc.nib/runtime.nib ... 
2024-08-27 11:12:55 +0000  7037 bytes for ./QBImagePicker.bundle/QBImagePicker.storyboardc/QL5-wR-LYt-view-66K-TS-Yoc.nib/runtime.nib
2024-08-27 11:12:55 +0000  copying file ./QBImagePicker.bundle/QBImagePicker.storyboardc/QL5-wR-LYt-view-66K-TS-Yoc.nib/objects-12.3+.nib ... 
2024-08-27 11:12:55 +0000  7037 bytes for ./QBImagePicker.bundle/QBImagePicker.storyboardc/QL5-wR-LYt-view-66K-TS-Yoc.nib/objects-12.3+.nib
2024-08-27 11:12:55 +0000  copying file ./QBImagePicker.bundle/QBImagePicker.storyboardc/QBAlbumsNavigationController.nib/runtime.nib ... 
2024-08-27 11:12:55 +0000  2631 bytes for ./QBImagePicker.bundle/QBImagePicker.storyboardc/QBAlbumsNavigationController.nib/runtime.nib
2024-08-27 11:12:55 +0000  copying file ./QBImagePicker.bundle/QBImagePicker.storyboardc/QBAlbumsNavigationController.nib/objects-12.3+.nib ... 
2024-08-27 11:12:55 +0000  2631 bytes for ./QBImagePicker.bundle/QBImagePicker.storyboardc/QBAlbumsNavigationController.nib/objects-12.3+.nib
2024-08-27 11:12:55 +0000  copying file ./QBImagePicker.bundle/QBImagePicker.storyboardc/Info.plist ... 
2024-08-27 11:12:55 +0000  289 bytes for ./QBImagePicker.bundle/QBImagePicker.storyboardc/Info.plist
2024-08-27 11:12:55 +0000  copying file ./QBImagePicker.bundle/nb.lproj/QBImagePicker.strings ... 
2024-08-27 11:12:55 +0000  1076 bytes for ./QBImagePicker.bundle/nb.lproj/QBImagePicker.strings
2024-08-27 11:12:55 +0000  copying file ./QBImagePicker.bundle/es.lproj/QBImagePicker.strings ... 
2024-08-27 11:12:55 +0000  1113 bytes for ./QBImagePicker.bundle/es.lproj/QBImagePicker.strings
2024-08-27 11:12:55 +0000  copying file ./QBImagePicker.bundle/da.lproj/QBImagePicker.strings ... 
2024-08-27 11:12:55 +0000  1015 bytes for ./QBImagePicker.bundle/da.lproj/QBImagePicker.strings
2024-08-27 11:12:55 +0000  copying file ./QBImagePicker.bundle/it.lproj/QBImagePicker.strings ... 
2024-08-27 11:12:55 +0000  1088 bytes for ./QBImagePicker.bundle/it.lproj/QBImagePicker.strings
2024-08-27 11:12:55 +0000  copying file ./QBImagePicker.bundle/sv.lproj/QBImagePicker.strings ... 
2024-08-27 11:12:55 +0000  1082 bytes for ./QBImagePicker.bundle/sv.lproj/QBImagePicker.strings
2024-08-27 11:12:55 +0000  copying file ./QBImagePicker.bundle/ko.lproj/QBImagePicker.strings ... 
2024-08-27 11:12:55 +0000  1139 bytes for ./QBImagePicker.bundle/ko.lproj/QBImagePicker.strings
2024-08-27 11:12:55 +0000  copying file ./QBImagePicker.bundle/zh-Hant.lproj/QBImagePicker.strings ... 
2024-08-27 11:12:55 +0000  1119 bytes for ./QBImagePicker.bundle/zh-Hant.lproj/QBImagePicker.strings
2024-08-27 11:12:55 +0000  copying file ./QBImagePicker.bundle/tr.lproj/QBImagePicker.strings ... 
2024-08-27 11:12:55 +0000  1104 bytes for ./QBImagePicker.bundle/tr.lproj/QBImagePicker.strings
2024-08-27 11:12:55 +0000  copying file ./QBImagePicker.bundle/pl.lproj/QBImagePicker.strings ... 
2024-08-27 11:12:55 +0000  1119 bytes for ./QBImagePicker.bundle/pl.lproj/QBImagePicker.strings
2024-08-27 11:12:55 +0000  copying file ./QBImagePicker.bundle/vi.lproj/QBImagePicker.strings ... 
2024-08-27 11:12:55 +0000  1143 bytes for ./QBImagePicker.bundle/vi.lproj/QBImagePicker.strings
2024-08-27 11:12:55 +0000  copying file ./QBImagePicker.bundle/ru.lproj/QBImagePicker.strings ... 
2024-08-27 11:12:55 +0000  1433 bytes for ./QBImagePicker.bundle/ru.lproj/QBImagePicker.strings
2024-08-27 11:12:55 +0000  copying file ./QBImagePicker.bundle/fr.lproj/QBImagePicker.strings ... 
2024-08-27 11:12:55 +0000  1153 bytes for ./QBImagePicker.bundle/fr.lproj/QBImagePicker.strings
2024-08-27 11:12:55 +0000  copying file ./QBImagePicker.bundle/fi.lproj/QBImagePicker.strings ... 
2024-08-27 11:12:55 +0000  1002 bytes for ./QBImagePicker.bundle/fi.lproj/QBImagePicker.strings
2024-08-27 11:12:55 +0000  copying file ./QBImagePicker.bundle/pt.lproj/QBImagePicker.strings ... 
2024-08-27 11:12:55 +0000  1112 bytes for ./QBImagePicker.bundle/pt.lproj/QBImagePicker.strings
2024-08-27 11:12:55 +0000  copying file ./QBImagePicker.bundle/ro.lproj/QBImagePicker.strings ... 
2024-08-27 11:12:55 +0000  1127 bytes for ./QBImagePicker.bundle/ro.lproj/QBImagePicker.strings
2024-08-27 11:12:55 +0000  copying file ./QBImagePicker.bundle/Info.plist ... 
2024-08-27 11:12:55 +0000  770 bytes for ./QBImagePicker.bundle/Info.plist
2024-08-27 11:12:55 +0000  copying file ./Lexend-ExtraBold.ttf ... 
2024-08-27 11:12:55 +0000  78716 bytes for ./Lexend-ExtraBold.ttf
2024-08-27 11:12:55 +0000  copying file ./AppIcon60x60@2x.png ... 
2024-08-27 11:12:55 +0000  5177 bytes for ./AppIcon60x60@2x.png
2024-08-27 11:12:55 +0000  copying file ./Montserrat-Bold.ttf ... 
2024-08-27 11:12:55 +0000  198120 bytes for ./Montserrat-Bold.ttf
copying file ./ordertank ... 
2024-08-27 11:12:55 +0000  6471824 bytes for ./ordertank
2024-08-27 11:12:55 +0000  copying file ./GoogleService-Info.plist ... 
521 bytes for ./GoogleService-Info.plist
copying file ./Assets.car ... 
462815 bytes for ./Assets.car
copying file ./Montserrat-SemiBold.ttf ... 
2024-08-27 11:12:55 +0000  197964 bytes for ./Montserrat-SemiBold.ttf
2024-08-27 11:12:55 +0000  copying file ./main.jsbundle ... 
2024-08-27 11:12:55 +0000  4437507 bytes for ./main.jsbundle
2024-08-27 11:12:55 +0000  copying file ./RCTI18nStrings.bundle/de.lproj/Localizable.strings ... 
64 bytes for ./RCTI18nStrings.bundle/de.lproj/Localizable.strings
copying file ./RCTI18nStrings.bundle/de.lproj/fbt_language_pack.bin ... 
1312 bytes for ./RCTI18nStrings.bundle/de.lproj/fbt_language_pack.bin
copying file ./RCTI18nStrings.bundle/he.lproj/Localizable.strings ... 
64 bytes for ./RCTI18nStrings.bundle/he.lproj/Localizable.strings
copying file ./RCTI18nStrings.bundle/he.lproj/fbt_language_pack.bin ... 
1444 bytes for ./RCTI18nStrings.bundle/he.lproj/fbt_language_pack.bin
copying file ./RCTI18nStrings.bundle/ar.lproj/Localizable.strings ... 
64 bytes for ./RCTI18nStrings.bundle/ar.lproj/Localizable.strings
copying file ./RCTI18nStrings.bundle/ar.lproj/fbt_language_pack.bin ... 
1500 bytes for ./RCTI18nStrings.bundle/ar.lproj/fbt_language_pack.bin
copying file ./RCTI18nStrings.bundle/el.lproj/Localizable.strings ... 
64 bytes for ./RCTI18nStrings.bundle/el.lproj/Localizable.strings
copying file ./RCTI18nStrings.bundle/el.lproj/fbt_language_pack.bin ... 
1600 bytes for ./RCTI18nStrings.bundle/el.lproj/fbt_language_pack.bin
copying file ./RCTI18nStrings.bundle/zh-Hans.lproj/Localizable.strings ... 
64 bytes for ./RCTI18nStrings.bundle/zh-Hans.lproj/Localizable.strings
copying file ./RCTI18nStrings.bundle/zh-Hans.lproj/fbt_language_pack.bin ... 
1296 bytes for ./RCTI18nStrings.bundle/zh-Hans.lproj/fbt_language_pack.bin
copying file ./RCTI18nStrings.bundle/ja.lproj/Localizable.strings ... 
64 bytes for ./RCTI18nStrings.bundle/ja.lproj/Localizable.strings
copying file ./RCTI18nStrings.bundle/ja.lproj/fbt_language_pack.bin ... 
1436 bytes for ./RCTI18nStrings.bundle/ja.lproj/fbt_language_pack.bin
copying file ./RCTI18nStrings.bundle/en.lproj/Localizable.strings ... 
64 bytes for ./RCTI18nStrings.bundle/en.lproj/Localizable.strings
copying file ./RCTI18nStrings.bundle/zh-Hant-HK.lproj/Localizable.strings ... 
64 bytes for ./RCTI18nStrings.bundle/zh-Hant-HK.lproj/Localizable.strings
copying file ./RCTI18nStrings.bundle/zh-Hant-HK.lproj/fbt_language_pack.bin ... 
1296 bytes for ./RCTI18nStrings.bundle/zh-Hant-HK.lproj/fbt_language_pack.bin
copying file ./RCTI18nStrings.bundle/uk.lproj/Localizable.strings ... 
64 bytes for ./RCTI18nStrings.bundle/uk.lproj/Localizable.strings
copying file ./RCTI18nStrings.bundle/uk.lproj/fbt_language_pack.bin ... 
1564 bytes for ./RCTI18nStrings.bundle/uk.lproj/fbt_language_pack.bin
copying file ./RCTI18nStrings.bundle/nb.lproj/Localizable.strings ... 
64 bytes for ./RCTI18nStrings.bundle/nb.lproj/Localizable.strings
copying file ./RCTI18nStrings.bundle/nb.lproj/fbt_language_pack.bin ... 
1296 bytes for ./RCTI18nStrings.bundle/nb.lproj/fbt_language_pack.bin
copying file ./RCTI18nStrings.bundle/en-GB.lproj/Localizable.strings ... 
64 bytes for ./RCTI18nStrings.bundle/en-GB.lproj/Localizable.strings
copying file ./RCTI18nStrings.bundle/en-GB.lproj/fbt_language_pack.bin ... 
1268 bytes for ./RCTI18nStrings.bundle/en-GB.lproj/fbt_language_pack.bin
copying file ./RCTI18nStrings.bundle/es.lproj/Localizable.strings ... 
64 bytes for ./RCTI18nStrings.bundle/es.lproj/Localizable.strings
copying file ./RCTI18nStrings.bundle/es.lproj/fbt_language_pack.bin ... 
1364 bytes for ./RCTI18nStrings.bundle/es.lproj/fbt_language_pack.bin
copying file ./RCTI18nStrings.bundle/da.lproj/Localizable.strings ... 
2024-08-27 11:12:55 +0000  64 bytes for ./RCTI18nStrings.bundle/da.lproj/Localizable.strings
copying file ./RCTI18nStrings.bundle/da.lproj/fbt_language_pack.bin ... 
2024-08-27 11:12:55 +0000  1300 bytes for ./RCTI18nStrings.bundle/da.lproj/fbt_language_pack.bin
2024-08-27 11:12:55 +0000  copying file ./RCTI18nStrings.bundle/it.lproj/Localizable.strings ... 
2024-08-27 11:12:55 +0000  64 bytes for ./RCTI18nStrings.bundle/it.lproj/Localizable.strings
2024-08-27 11:12:55 +0000  copying file ./RCTI18nStrings.bundle/it.lproj/fbt_language_pack.bin ... 
2024-08-27 11:12:55 +0000  1388 bytes for ./RCTI18nStrings.bundle/it.lproj/fbt_language_pack.bin
2024-08-27 11:12:55 +0000  copying file ./RCTI18nStrings.bundle/sk.lproj/Localizable.strings ... 
2024-08-27 11:12:55 +0000  64 bytes for ./RCTI18nStrings.bundle/sk.lproj/Localizable.strings
2024-08-27 11:12:55 +0000  copying file ./RCTI18nStrings.bundle/sk.lproj/fbt_language_pack.bin ... 
2024-08-27 11:12:55 +0000  1356 bytes for ./RCTI18nStrings.bundle/sk.lproj/fbt_language_pack.bin
2024-08-27 11:12:55 +0000  copying file ./RCTI18nStrings.bundle/es-ES.lproj/Localizable.strings ... 
2024-08-27 11:12:55 +0000  64 bytes for ./RCTI18nStrings.bundle/es-ES.lproj/Localizable.strings
2024-08-27 11:12:55 +0000  copying file ./RCTI18nStrings.bundle/es-ES.lproj/fbt_language_pack.bin ... 
2024-08-27 11:12:55 +0000  1368 bytes for ./RCTI18nStrings.bundle/es-ES.lproj/fbt_language_pack.bin
2024-08-27 11:12:55 +0000  copying file ./RCTI18nStrings.bundle/ms.lproj/Localizable.strings ... 
2024-08-27 11:12:55 +0000  64 bytes for ./RCTI18nStrings.bundle/ms.lproj/Localizable.strings
2024-08-27 11:12:55 +0000  copying file ./RCTI18nStrings.bundle/ms.lproj/fbt_language_pack.bin ... 
2024-08-27 11:12:55 +0000  1292 bytes for ./RCTI18nStrings.bundle/ms.lproj/fbt_language_pack.bin
2024-08-27 11:12:55 +0000  copying file ./RCTI18nStrings.bundle/sv.lproj/Localizable.strings ... 
2024-08-27 11:12:55 +0000  64 bytes for ./RCTI18nStrings.bundle/sv.lproj/Localizable.strings
2024-08-27 11:12:55 +0000  copying file ./RCTI18nStrings.bundle/sv.lproj/fbt_language_pack.bin ... 
2024-08-27 11:12:55 +0000  1300 bytes for ./RCTI18nStrings.bundle/sv.lproj/fbt_language_pack.bin
2024-08-27 11:12:55 +0000  copying file ./RCTI18nStrings.bundle/cs.lproj/Localizable.strings ... 
2024-08-27 11:12:55 +0000  64 bytes for ./RCTI18nStrings.bundle/cs.lproj/Localizable.strings
2024-08-27 11:12:55 +0000  copying file ./RCTI18nStrings.bundle/cs.lproj/fbt_language_pack.bin ... 
2024-08-27 11:12:55 +0000  1368 bytes for ./RCTI18nStrings.bundle/cs.lproj/fbt_language_pack.bin
2024-08-27 11:12:55 +0000  copying file ./RCTI18nStrings.bundle/ko.lproj/Localizable.strings ... 
2024-08-27 11:12:55 +0000  64 bytes for ./RCTI18nStrings.bundle/ko.lproj/Localizable.strings
2024-08-27 11:12:55 +0000  copying file ./RCTI18nStrings.bundle/ko.lproj/fbt_language_pack.bin ... 
2024-08-27 11:12:55 +0000  1332 bytes for ./RCTI18nStrings.bundle/ko.lproj/fbt_language_pack.bin
2024-08-27 11:12:55 +0000  copying file ./RCTI18nStrings.bundle/zh-Hant.lproj/Localizable.strings ... 
2024-08-27 11:12:55 +0000  64 bytes for ./RCTI18nStrings.bundle/zh-Hant.lproj/Localizable.strings
2024-08-27 11:12:55 +0000  copying file ./RCTI18nStrings.bundle/zh-Hant.lproj/fbt_language_pack.bin ... 
2024-08-27 11:12:55 +0000  1308 bytes for ./RCTI18nStrings.bundle/zh-Hant.lproj/fbt_language_pack.bin
2024-08-27 11:12:55 +0000  copying file ./RCTI18nStrings.bundle/hu.lproj/Localizable.strings ... 
2024-08-27 11:12:55 +0000  64 bytes for ./RCTI18nStrings.bundle/hu.lproj/Localizable.strings
2024-08-27 11:12:55 +0000  copying file ./RCTI18nStrings.bundle/hu.lproj/fbt_language_pack.bin ... 
2024-08-27 11:12:55 +0000  1348 bytes for ./RCTI18nStrings.bundle/hu.lproj/fbt_language_pack.bin
2024-08-27 11:12:55 +0000  copying file ./RCTI18nStrings.bundle/tr.lproj/Localizable.strings ... 
2024-08-27 11:12:55 +0000  64 bytes for ./RCTI18nStrings.bundle/tr.lproj/Localizable.strings
2024-08-27 11:12:55 +0000  copying file ./RCTI18nStrings.bundle/tr.lproj/fbt_language_pack.bin ... 
2024-08-27 11:12:55 +0000  1360 bytes for ./RCTI18nStrings.bundle/tr.lproj/fbt_language_pack.bin
2024-08-27 11:12:55 +0000  copying file ./RCTI18nStrings.bundle/pl.lproj/Localizable.strings ... 
2024-08-27 11:12:55 +0000  64 bytes for ./RCTI18nStrings.bundle/pl.lproj/Localizable.strings
2024-08-27 11:12:55 +0000  copying file ./RCTI18nStrings.bundle/pl.lproj/fbt_language_pack.bin ... 
2024-08-27 11:12:55 +0000  1340 bytes for ./RCTI18nStrings.bundle/pl.lproj/fbt_language_pack.bin
2024-08-27 11:12:55 +0000  copying file ./RCTI18nStrings.bundle/vi.lproj/Localizable.strings ... 
2024-08-27 11:12:55 +0000  64 bytes for ./RCTI18nStrings.bundle/vi.lproj/Localizable.strings
2024-08-27 11:12:55 +0000  copying file ./RCTI18nStrings.bundle/vi.lproj/fbt_language_pack.bin ... 
2024-08-27 11:12:55 +0000  1352 bytes for ./RCTI18nStrings.bundle/vi.lproj/fbt_language_pack.bin
2024-08-27 11:12:55 +0000  copying file ./RCTI18nStrings.bundle/ru.lproj/Localizable.strings ... 
2024-08-27 11:12:55 +0000  64 bytes for ./RCTI18nStrings.bundle/ru.lproj/Localizable.strings
2024-08-27 11:12:55 +0000  copying file ./RCTI18nStrings.bundle/ru.lproj/fbt_language_pack.bin ... 
2024-08-27 11:12:55 +0000  1576 bytes for ./RCTI18nStrings.bundle/ru.lproj/fbt_language_pack.bin
2024-08-27 11:12:55 +0000  copying file ./RCTI18nStrings.bundle/fr.lproj/Localizable.strings ... 
2024-08-27 11:12:55 +0000  64 bytes for ./RCTI18nStrings.bundle/fr.lproj/Localizable.strings
2024-08-27 11:12:55 +0000  copying file ./RCTI18nStrings.bundle/fr.lproj/fbt_language_pack.bin ... 
2024-08-27 11:12:55 +0000  1360 bytes for ./RCTI18nStrings.bundle/fr.lproj/fbt_language_pack.bin
2024-08-27 11:12:55 +0000  copying file ./RCTI18nStrings.bundle/fi.lproj/Localizable.strings ... 
2024-08-27 11:12:55 +0000  64 bytes for ./RCTI18nStrings.bundle/fi.lproj/Localizable.strings
2024-08-27 11:12:55 +0000  copying file ./RCTI18nStrings.bundle/fi.lproj/fbt_language_pack.bin ... 
2024-08-27 11:12:55 +0000  1340 bytes for ./RCTI18nStrings.bundle/fi.lproj/fbt_language_pack.bin
2024-08-27 11:12:55 +0000  copying file ./RCTI18nStrings.bundle/id.lproj/Localizable.strings ... 
2024-08-27 11:12:55 +0000  64 bytes for ./RCTI18nStrings.bundle/id.lproj/Localizable.strings
2024-08-27 11:12:55 +0000  copying file ./RCTI18nStrings.bundle/id.lproj/fbt_language_pack.bin ... 
2024-08-27 11:12:55 +0000  1300 bytes for ./RCTI18nStrings.bundle/id.lproj/fbt_language_pack.bin
2024-08-27 11:12:55 +0000  copying file ./RCTI18nStrings.bundle/nl.lproj/Localizable.strings ... 
2024-08-27 11:12:55 +0000  64 bytes for ./RCTI18nStrings.bundle/nl.lproj/Localizable.strings
2024-08-27 11:12:55 +0000  copying file ./RCTI18nStrings.bundle/nl.lproj/fbt_language_pack.bin ... 
2024-08-27 11:12:55 +0000  1324 bytes for ./RCTI18nStrings.bundle/nl.lproj/fbt_language_pack.bin
2024-08-27 11:12:55 +0000  copying file ./RCTI18nStrings.bundle/th.lproj/Localizable.strings ... 
2024-08-27 11:12:55 +0000  64 bytes for ./RCTI18nStrings.bundle/th.lproj/Localizable.strings
2024-08-27 11:12:55 +0000  copying file ./RCTI18nStrings.bundle/th.lproj/fbt_language_pack.bin ... 
2024-08-27 11:12:55 +0000  1784 bytes for ./RCTI18nStrings.bundle/th.lproj/fbt_language_pack.bin
2024-08-27 11:12:55 +0000  copying file ./RCTI18nStrings.bundle/pt.lproj/Localizable.strings ... 
2024-08-27 11:12:55 +0000  64 bytes for ./RCTI18nStrings.bundle/pt.lproj/Localizable.strings
2024-08-27 11:12:55 +0000  copying file ./RCTI18nStrings.bundle/pt.lproj/fbt_language_pack.bin ... 
2024-08-27 11:12:55 +0000  1356 bytes for ./RCTI18nStrings.bundle/pt.lproj/fbt_language_pack.bin
2024-08-27 11:12:55 +0000  copying file ./RCTI18nStrings.bundle/zu.lproj/Localizable.strings ... 
2024-08-27 11:12:55 +0000  64 bytes for ./RCTI18nStrings.bundle/zu.lproj/Localizable.strings
2024-08-27 11:12:55 +0000  copying file ./RCTI18nStrings.bundle/zu.lproj/fbt_language_pack.bin ... 
2024-08-27 11:12:55 +0000  2076 bytes for ./RCTI18nStrings.bundle/zu.lproj/fbt_language_pack.bin
2024-08-27 11:12:55 +0000  copying file ./RCTI18nStrings.bundle/pt-PT.lproj/Localizable.strings ... 
2024-08-27 11:12:55 +0000  64 bytes for ./RCTI18nStrings.bundle/pt-PT.lproj/Localizable.strings
2024-08-27 11:12:55 +0000  copying file ./RCTI18nStrings.bundle/pt-PT.lproj/fbt_language_pack.bin ... 
2024-08-27 11:12:55 +0000  1372 bytes for ./RCTI18nStrings.bundle/pt-PT.lproj/fbt_language_pack.bin
2024-08-27 11:12:55 +0000  copying file ./RCTI18nStrings.bundle/ro.lproj/Localizable.strings ... 
2024-08-27 11:12:55 +0000  64 bytes for ./RCTI18nStrings.bundle/ro.lproj/Localizable.strings
2024-08-27 11:12:55 +0000  copying file ./RCTI18nStrings.bundle/ro.lproj/fbt_language_pack.bin ... 
2024-08-27 11:12:55 +0000  1344 bytes for ./RCTI18nStrings.bundle/ro.lproj/fbt_language_pack.bin
2024-08-27 11:12:55 +0000  copying file ./RCTI18nStrings.bundle/Info.plist ... 
2024-08-27 11:12:55 +0000  773 bytes for ./RCTI18nStrings.bundle/Info.plist
2024-08-27 11:12:55 +0000  copying file ./RCTI18nStrings.bundle/hr.lproj/Localizable.strings ... 
2024-08-27 11:12:55 +0000  64 bytes for ./RCTI18nStrings.bundle/hr.lproj/Localizable.strings
2024-08-27 11:12:55 +0000  copying file ./RCTI18nStrings.bundle/hr.lproj/fbt_language_pack.bin ... 
2024-08-27 11:12:55 +0000  1352 bytes for ./RCTI18nStrings.bundle/hr.lproj/fbt_language_pack.bin
2024-08-27 11:12:55 +0000  copying file ./RCTI18nStrings.bundle/hi.lproj/Localizable.strings ... 
2024-08-27 11:12:55 +0000  64 bytes for ./RCTI18nStrings.bundle/hi.lproj/Localizable.strings
2024-08-27 11:12:55 +0000  copying file ./RCTI18nStrings.bundle/hi.lproj/fbt_language_pack.bin ... 
2024-08-27 11:12:55 +0000  1640 bytes for ./RCTI18nStrings.bundle/hi.lproj/fbt_language_pack.bin
2024-08-27 11:12:55 +0000  copying file ./LaunchScreen.storyboardc/UIViewController-01J-lp-oVM.nib ... 
2024-08-27 11:12:55 +0000  963 bytes for ./LaunchScreen.storyboardc/UIViewController-01J-lp-oVM.nib
2024-08-27 11:12:55 +0000  copying file ./LaunchScreen.storyboardc/Info.plist ... 
2024-08-27 11:12:55 +0000  258 bytes for ./LaunchScreen.storyboardc/Info.plist
2024-08-27 11:12:55 +0000  copying file ./LaunchScreen.storyboardc/01J-lp-oVM-view-ThW-5k-kvh.nib ... 
2024-08-27 11:12:55 +0000  1193 bytes for ./LaunchScreen.storyboardc/01J-lp-oVM-view-ThW-5k-kvh.nib
2024-08-27 11:12:55 +0000  copying file ./Montserrat-Regular.ttf ... 
2024-08-27 11:12:55 +0000  197624 bytes for ./Montserrat-Regular.ttf
2024-08-27 11:12:55 +0000  copying file ./TOCropViewControllerBundle.bundle/de.lproj/TOCropViewControllerLocalizable.strings ... 
2024-08-27 11:12:55 +0000  189 bytes for ./TOCropViewControllerBundle.bundle/de.lproj/TOCropViewControllerLocalizable.strings
2024-08-27 11:12:55 +0000  copying file ./TOCropViewControllerBundle.bundle/ar.lproj/TOCropViewControllerLocalizable.strings ... 
2024-08-27 11:12:55 +0000  207 bytes for ./TOCropViewControllerBundle.bundle/ar.lproj/TOCropViewControllerLocalizable.strings
2024-08-27 11:12:55 +0000  copying file ./TOCropViewControllerBundle.bundle/zh-Hans.lproj/TOCropViewControllerLocalizable.strings ... 
2024-08-27 11:12:55 +0000  172 bytes for ./TOCropViewControllerBundle.bundle/zh-Hans.lproj/TOCropViewControllerLocalizable.strings
2024-08-27 11:12:55 +0000  copying file ./TOCropViewControllerBundle.bundle/ja.lproj/TOCropViewControllerLocalizable.strings ... 
2024-08-27 11:12:55 +0000  210 bytes for ./TOCropViewControllerBundle.bundle/ja.lproj/TOCropViewControllerLocalizable.strings
2024-08-27 11:12:55 +0000  copying file ./TOCropViewControllerBundle.bundle/fa.lproj/TOCropViewControllerLocalizable.strings ... 
2024-08-27 11:12:55 +0000  210 bytes for ./TOCropViewControllerBundle.bundle/fa.lproj/TOCropViewControllerLocalizable.strings
2024-08-27 11:12:55 +0000  copying file ./TOCropViewControllerBundle.bundle/en.lproj/TOCropViewControllerLocalizable.strings ... 
2024-08-27 11:12:55 +0000  168 bytes for ./TOCropViewControllerBundle.bundle/en.lproj/TOCropViewControllerLocalizable.strings
2024-08-27 11:12:55 +0000  copying file ./TOCropViewControllerBundle.bundle/es.lproj/TOCropViewControllerLocalizable.strings ... 
2024-08-27 11:12:55 +0000  179 bytes for ./TOCropViewControllerBundle.bundle/es.lproj/TOCropViewControllerLocalizable.strings
2024-08-27 11:12:55 +0000  copying file ./TOCropViewControllerBundle.bundle/it.lproj/TOCropViewControllerLocalizable.strings ... 
2024-08-27 11:12:55 +0000  181 bytes for ./TOCropViewControllerBundle.bundle/it.lproj/TOCropViewControllerLocalizable.strings
2024-08-27 11:12:55 +0000  copying file ./TOCropViewControllerBundle.bundle/sk.lproj/TOCropViewControllerLocalizable.strings ... 
2024-08-27 11:12:55 +0000  176 bytes for ./TOCropViewControllerBundle.bundle/sk.lproj/TOCropViewControllerLocalizable.strings
2024-08-27 11:12:55 +0000  copying file ./TOCropViewControllerBundle.bundle/ms.lproj/TOCropViewControllerLocalizable.strings ... 
2024-08-27 11:12:55 +0000  173 bytes for ./TOCropViewControllerBundle.bundle/ms.lproj/TOCropViewControllerLocalizable.strings
2024-08-27 11:12:55 +0000  copying file ./TOCropViewControllerBundle.bundle/cs.lproj/TOCropViewControllerLocalizable.strings ... 
2024-08-27 11:12:55 +0000  173 bytes for ./TOCropViewControllerBundle.bundle/cs.lproj/TOCropViewControllerLocalizable.strings
2024-08-27 11:12:55 +0000  copying file ./TOCropViewControllerBundle.bundle/ko.lproj/TOCropViewControllerLocalizable.strings ... 
2024-08-27 11:12:55 +0000  187 bytes for ./TOCropViewControllerBundle.bundle/ko.lproj/TOCropViewControllerLocalizable.strings
2024-08-27 11:12:55 +0000  copying file ./TOCropViewControllerBundle.bundle/Base.lproj/TOCropViewControllerLocalizable.strings ... 
2024-08-27 11:12:55 +0000  168 bytes for ./TOCropViewControllerBundle.bundle/Base.lproj/TOCropViewControllerLocalizable.strings
2024-08-27 11:12:55 +0000  copying file ./TOCropViewControllerBundle.bundle/zh-Hant.lproj/TOCropViewControllerLocalizable.strings ... 
2024-08-27 11:12:55 +0000  175 bytes for ./TOCropViewControllerBundle.bundle/zh-Hant.lproj/TOCropViewControllerLocalizable.strings
2024-08-27 11:12:55 +0000  copying file ./TOCropViewControllerBundle.bundle/fa-IR.lproj/TOCropViewControllerLocalizable.strings ... 
2024-08-27 11:12:55 +0000  210 bytes for ./TOCropViewControllerBundle.bundle/fa-IR.lproj/TOCropViewControllerLocalizable.strings
2024-08-27 11:12:55 +0000  copying file ./TOCropViewControllerBundle.bundle/hu.lproj/TOCropViewControllerLocalizable.strings ... 
2024-08-27 11:12:55 +0000  194 bytes for ./TOCropViewControllerBundle.bundle/hu.lproj/TOCropViewControllerLocalizable.strings
2024-08-27 11:12:55 +0000  copying file ./TOCropViewControllerBundle.bundle/da-DK.lproj/TOCropViewControllerLocalizable.strings ... 
2024-08-27 11:12:55 +0000  174 bytes for ./TOCropViewControllerBundle.bundle/da-DK.lproj/TOCropViewControllerLocalizable.strings
2024-08-27 11:12:55 +0000  copying file ./TOCropViewControllerBundle.bundle/tr.lproj/TOCropViewControllerLocalizable.strings ... 
2024-08-27 11:12:55 +0000  183 bytes for ./TOCropViewControllerBundle.bundle/tr.lproj/TOCropViewControllerLocalizable.strings
2024-08-27 11:12:55 +0000  copying file ./TOCropViewControllerBundle.bundle/pl.lproj/TOCropViewControllerLocalizable.strings ... 
2024-08-27 11:12:55 +0000  171 bytes for ./TOCropViewControllerBundle.bundle/pl.lproj/TOCropViewControllerLocalizable.strings
2024-08-27 11:12:55 +0000  copying file ./TOCropViewControllerBundle.bundle/pt-BR.lproj/TOCropViewControllerLocalizable.strings ... 
2024-08-27 11:12:55 +0000  181 bytes for ./TOCropViewControllerBundle.bundle/pt-BR.lproj/TOCropViewControllerLocalizable.strings
2024-08-27 11:12:55 +0000  copying file ./TOCropViewControllerBundle.bundle/vi.lproj/TOCropViewControllerLocalizable.strings ... 
2024-08-27 11:12:55 +0000  178 bytes for ./TOCropViewControllerBundle.bundle/vi.lproj/TOCropViewControllerLocalizable.strings
2024-08-27 11:12:55 +0000  copying file ./TOCropViewControllerBundle.bundle/ru.lproj/TOCropViewControllerLocalizable.strings ... 
2024-08-27 11:12:55 +0000  237 bytes for ./TOCropViewControllerBundle.bundle/ru.lproj/TOCropViewControllerLocalizable.strings
2024-08-27 11:12:55 +0000  copying file ./TOCropViewControllerBundle.bundle/fr.lproj/TOCropViewControllerLocalizable.strings ... 
2024-08-27 11:12:55 +0000  193 bytes for ./TOCropViewControllerBundle.bundle/fr.lproj/TOCropViewControllerLocalizable.strings
2024-08-27 11:12:55 +0000  copying file ./TOCropViewControllerBundle.bundle/fi.lproj/TOCropViewControllerLocalizable.strings ... 
2024-08-27 11:12:55 +0000  179 bytes for ./TOCropViewControllerBundle.bundle/fi.lproj/TOCropViewControllerLocalizable.strings
2024-08-27 11:12:55 +0000  copying file ./TOCropViewControllerBundle.bundle/id.lproj/TOCropViewControllerLocalizable.strings ... 
2024-08-27 11:12:55 +0000  178 bytes for ./TOCropViewControllerBundle.bundle/id.lproj/TOCropViewControllerLocalizable.strings
2024-08-27 11:12:55 +0000  copying file ./TOCropViewControllerBundle.bundle/nl.lproj/TOCropViewControllerLocalizable.strings ... 
2024-08-27 11:12:55 +0000  178 bytes for ./TOCropViewControllerBundle.bundle/nl.lproj/TOCropViewControllerLocalizable.strings
2024-08-27 11:12:55 +0000  copying file ./TOCropViewControllerBundle.bundle/pt.lproj/TOCropViewControllerLocalizable.strings ... 
2024-08-27 11:12:55 +0000  181 bytes for ./TOCropViewControllerBundle.bundle/pt.lproj/TOCropViewControllerLocalizable.strings
2024-08-27 11:12:55 +0000  copying file ./TOCropViewControllerBundle.bundle/ro.lproj/TOCropViewControllerLocalizable.strings ... 
2024-08-27 11:12:55 +0000  181 bytes for ./TOCropViewControllerBundle.bundle/ro.lproj/TOCropViewControllerLocalizable.strings
2024-08-27 11:12:55 +0000  copying file ./TOCropViewControllerBundle.bundle/Info.plist ... 
2024-08-27 11:12:55 +0000  797 bytes for ./TOCropViewControllerBundle.bundle/Info.plist
2024-08-27 11:12:55 +0000  copying file ./TOCropViewControllerBundle.bundle/ca.lproj/TOCropViewControllerLocalizable.strings ... 
2024-08-27 11:12:55 +0000  177 bytes for ./TOCropViewControllerBundle.bundle/ca.lproj/TOCropViewControllerLocalizable.strings
2024-08-27 11:12:55 +0000  copying file ./Frameworks/hermes.framework/_CodeSignature/CodeResources ... 
2024-08-27 11:12:55 +0000  1798 bytes for ./Frameworks/hermes.framework/_CodeSignature/CodeResources
2024-08-27 11:12:55 +0000  copying file ./Frameworks/hermes.framework/hermes ... 
2024-08-27 11:12:55 +0000  4448544 bytes for ./Frameworks/hermes.framework/hermes
2024-08-27 11:12:55 +0000  copying file ./Frameworks/hermes.framework/Info.plist ... 
815 bytes for ./Frameworks/hermes.framework/Info.plist
copying file ./embedded.mobileprovision ... 
21003 bytes for ./embedded.mobileprovision
copying file ./assets/node_modules/@react-navigation/bottom-tabs/node_modules/@react-navigation/elements/src/assets/back-icon@3x.png ... 
761 bytes for ./assets/node_modules/@react-navigation/bottom-tabs/node_modules/@react-navigation/elements/src/assets/back-icon@3x.png
copying file ./assets/node_modules/@react-navigation/bottom-tabs/node_modules/@react-navigation/elements/src/assets/back-icon@2x.png ... 
405 bytes for ./assets/node_modules/@react-navigation/bottom-tabs/node_modules/@react-navigation/elements/src/assets/back-icon@2x.png
copying file ./assets/node_modules/@react-navigation/bottom-tabs/node_modules/@react-navigation/elements/src/assets/back-icon.png ... 
290 bytes for ./assets/node_modules/@react-navigation/bottom-tabs/node_modules/@react-navigation/elements/src/assets/back-icon.png
copying file ./assets/node_modules/@react-navigation/bottom-tabs/node_modules/@react-navigation/elements/src/assets/back-icon-mask.png ... 
913 bytes for ./assets/node_modules/@react-navigation/bottom-tabs/node_modules/@react-navigation/elements/src/assets/back-icon-mask.png
copying file ./assets/node_modules/@react-navigation/elements/src/assets/back-icon@3x.png ... 
761 bytes for ./assets/node_modules/@react-navigation/elements/src/assets/back-icon@3x.png
copying file ./assets/node_modules/@react-navigation/elements/src/assets/back-icon@2x.png ... 
405 bytes for ./assets/node_modules/@react-navigation/elements/src/assets/back-icon@2x.png
copying file ./assets/node_modules/@react-navigation/elements/src/assets/back-icon.png ... 
290 bytes for ./assets/node_modules/@react-navigation/elements/src/assets/back-icon.png
copying file ./assets/node_modules/@react-navigation/elements/src/assets/back-icon-mask.png ... 
913 bytes for ./assets/node_modules/@react-navigation/elements/src/assets/back-icon-mask.png
copying file ./assets/node_modules/react-native-element-dropdown/src/assets/down.png ... 
186 bytes for ./assets/node_modules/react-native-element-dropdown/src/assets/down.png
copying file ./assets/node_modules/react-native-element-dropdown/src/assets/close.png ... 
208 bytes for ./assets/node_modules/react-native-element-dropdown/src/assets/close.png
copying file ./assets/src/assets/images/group.png ... 
83346 bytes for ./assets/src/assets/images/group.png
copying file ./assets/src/assets/images/product.png ... 
19728 bytes for ./assets/src/assets/images/product.png
copying file ./assets/src/assets/images/Product-new.png ... 
2390 bytes for ./assets/src/assets/images/Product-new.png
copying file ./assets/src/assets/images/background.png ... 
139629 bytes for ./assets/src/assets/images/background.png
copying file ./assets/src/assets/images/splash.png ... 
290045 bytes for ./assets/src/assets/images/splash.png
copying file ./assets/src/assets/images/Company.png ... 
9554 bytes for ./assets/src/assets/images/Company.png
copying file ./assets/src/assets/images/supplier.png ... 
27283 bytes for ./assets/src/assets/images/supplier.png
copying file ./assets/src/assets/images/notification.png ... 
2848 bytes for ./assets/src/assets/images/notification.png
copying file ./Info.plist ... 
3129 bytes for ./Info.plist
copying file ./Lexend-Medium.ttf ... 
2024-08-27 11:12:55 +0000  78696 bytes for ./Lexend-Medium.ttf
2024-08-27 11:12:55 +0000  copying file ./PkgInfo ... 
2024-08-27 11:12:55 +0000  8 bytes for ./PkgInfo
2024-08-27 11:12:55 +0000  copying file ./Lexend-Bold.ttf ... 
2024-08-27 11:12:55 +0000  78632 bytes for ./Lexend-Bold.ttf
2024-08-27 11:12:55 +0000  /usr/bin/ditto exited with 0
2024-08-27 11:12:55 +0000  Processing step: IDEDistributionEmbedProfileStep
2024-08-27 11:12:55 +0000  Skipping profile for item: <IDEDistributionItem: 0x60005d9e1980; bundleID='dev.hermesengine.iphoneos', path='<DVTFilePath:0x600051d28c00:'/Users/imac/Library/Developer/Xcode/Archives/2024-08-27/ordertank 27-08-24, 4.42 PM.xcarchive/Products/Applications/ordertank.app/Frameworks/hermes.framework'>', codeSigningInfo='<_DVTCodeSigningInformation_Path: 0x60001d324eb0; isSigned='1', isAdHocSigned='0', signingCertificate='<DVTSigningCertificate: 0x60000c91c6c0; name='Apple Development: Viral Bhadiyadra (52WXJBRL78)', hash='42594284A81E2CB22E682BA09E41A86536BDB91E', serialNumber='5A58769B46F1B9B9976C091C809A91AA', certificateKinds='(
    "1.2.840.113635.100.6.1.12",
    "1.2.840.113635.100.6.1.2"
), issueDate='2024-08-20 09:15:19 +0000''>', entitlements='(null)', teamID='UMF7249LB9', identifier='dev.hermesengine.iphoneos', executablePath='<DVTFilePath:0x600031b273a0:'/Users/imac/Library/Developer/Xcode/Archives/2024-08-27/ordertank 27-08-24, 4.42 PM.xcarchive/Products/Applications/ordertank.app/Frameworks/hermes.framework/hermes'>', hardenedRuntime='0'>'>
2024-08-27 11:12:55 +0000  Processing step: IDEDistributionInfoPlistStep
2024-08-27 11:12:55 +0000  Skipping step: IDEDistributionInfoPlistStep because it said so
2024-08-27 11:12:55 +0000  Skipping step: IDEDistributionInfoPlistStep because it said so
2024-08-27 11:12:55 +0000  Processing step: IDEDistributionAppThinningPlistStep
2024-08-27 11:12:55 +0000  Skipping step: IDEDistributionAppThinningPlistStep because it said so
2024-08-27 11:12:55 +0000  Processing step: IDEDistributionCompileBitcodeStep
2024-08-27 11:12:55 +0000  Skipping step: IDEDistributionCompileBitcodeStep because it said so
2024-08-27 11:12:55 +0000  Processing step: IDEDistributionCodeSlimmingStep
2024-08-27 11:12:55 +0000  Processing step: IDEDistributionCopyBCSymbolMapsStep
2024-08-27 11:12:55 +0000  Skipping step: IDEDistributionCopyBCSymbolMapsStep because it said so
2024-08-27 11:12:55 +0000  Skipping step: IDEDistributionCopyBCSymbolMapsStep because it said so
2024-08-27 11:12:55 +0000  Processing step: IDEDistributionSymbolsStep
2024-08-27 11:12:55 +0000  Skipping step: IDEDistributionSymbolsStep because it said so
2024-08-27 11:12:55 +0000  Skipping step: IDEDistributionSymbolsStep because it said so
2024-08-27 11:12:55 +0000  Processing step: IDEDistributionAppThinningStep
2024-08-27 11:12:55 +0000  Skipping step: IDEDistributionAppThinningStep because it said so
2024-08-27 11:12:55 +0000  Processing step: IDEDistributionArchThinningStep
2024-08-27 11:12:55 +0000  Item /Users/imac/Library/Developer/Xcode/Archives/2024-08-27/ordertank 27-08-24, 4.42 PM.xcarchive/Products/Applications/ordertank.app/Frameworks/hermes.framework doesn't have the entitlement com.apple.developer.web-browser-engine.host enabled, returning ["arm64e"]
2024-08-27 11:12:55 +0000  Archs to thin for item /Users/imac/Library/Developer/Xcode/Archives/2024-08-27/ordertank 27-08-24, 4.42 PM.xcarchive/Products/Applications/ordertank.app/Frameworks/hermes.framework are ["arm64e"]
2024-08-27 11:12:55 +0000  Running /Applications/Xcode.app/Contents/Developer/Toolchains/XcodeDefault.xctoolchain/usr/bin/lipo '/var/folders/95/jk8djvtd27v783jktv4xlssw0000gn/T/XcodeDistPipeline.~~~SXJ7hs/Root/Payload/ordertank.app/Frameworks/hermes.framework/hermes' '-verify_arch' 'arm64e'
2024-08-27 11:12:55 +0000  /Applications/Xcode.app/Contents/Developer/Toolchains/XcodeDefault.xctoolchain/usr/bin/lipo exited with 1
2024-08-27 11:12:55 +0000  Skipping architecture thinning for item "hermes" because arch "arm64e" wasn't found
2024-08-27 11:12:55 +0000  Item /Users/imac/Library/Developer/Xcode/Archives/2024-08-27/ordertank 27-08-24, 4.42 PM.xcarchive/Products/Applications/ordertank.app doesn't have the entitlement com.apple.developer.web-browser-engine.host enabled, returning ["arm64e"]
2024-08-27 11:12:55 +0000  Archs to thin for item /Users/imac/Library/Developer/Xcode/Archives/2024-08-27/ordertank 27-08-24, 4.42 PM.xcarchive/Products/Applications/ordertank.app are ["arm64e"]
2024-08-27 11:12:55 +0000  Running /Applications/Xcode.app/Contents/Developer/Toolchains/XcodeDefault.xctoolchain/usr/bin/lipo '/var/folders/95/jk8djvtd27v783jktv4xlssw0000gn/T/XcodeDistPipeline.~~~SXJ7hs/Root/Payload/ordertank.app/ordertank' '-verify_arch' 'arm64e'
2024-08-27 11:12:55 +0000  /Applications/Xcode.app/Contents/Developer/Toolchains/XcodeDefault.xctoolchain/usr/bin/lipo exited with 1
2024-08-27 11:12:55 +0000  Skipping architecture thinning for item "ordertank" because arch "arm64e" wasn't found
2024-08-27 11:12:55 +0000  Processing step: IDEDistributionODRStep
2024-08-27 11:12:55 +0000  Processing step: IDEDistributionStripXattrsStep
2024-08-27 11:12:55 +0000  Skipping stripping extended attributes because the codesign step will strip them.
2024-08-27 11:12:55 +0000  Skipping stripping extended attributes because the codesign step will strip them.
2024-08-27 11:12:55 +0000  Processing step: IDEDistributionCodesignStep
2024-08-27 11:12:55 +0000  Entitlements for <IDEDistributionItem: 0x60005d9e1980; bundleID='dev.hermesengine.iphoneos', path='<DVTFilePath:0x600051d28c00:'/Users/imac/Library/Developer/Xcode/Archives/2024-08-27/ordertank 27-08-24, 4.42 PM.xcarchive/Products/Applications/ordertank.app/Frameworks/hermes.framework'>', codeSigningInfo='<_DVTCodeSigningInformation_Path: 0x60001d324eb0; isSigned='1', isAdHocSigned='0', signingCertificate='<DVTSigningCertificate: 0x60000c901c80; name='Apple Development: Viral Bhadiyadra (52WXJBRL78)', hash='42594284A81E2CB22E682BA09E41A86536BDB91E', serialNumber='5A58769B46F1B9B9976C091C809A91AA', certificateKinds='(
    "1.2.840.113635.100.6.1.12",
    "1.2.840.113635.100.6.1.2"
), issueDate='2024-08-20 09:15:19 +0000''>', entitlements='(null)', teamID='UMF7249LB9', identifier='dev.hermesengine.iphoneos', executablePath='<DVTFilePath:0x600031b273a0:'/Users/imac/Library/Developer/Xcode/Archives/2024-08-27/ordertank 27-08-24, 4.42 PM.xcarchive/Products/Applications/ordertank.app/Frameworks/hermes.framework/hermes'>', hardenedRuntime='0'>'>: {
}
2024-08-27 11:12:55 +0000  Associated App Clip Identifiers Filter: Skipping because "com.apple.developer.associated-appclip-app-identifiers" is not present
2024-08-27 11:12:55 +0000  Entitlements for <IDEDistributionItem: 0x60005d9e1980; bundleID='dev.hermesengine.iphoneos', path='<DVTFilePath:0x600051d28c00:'/Users/imac/Library/Developer/Xcode/Archives/2024-08-27/ordertank 27-08-24, 4.42 PM.xcarchive/Products/Applications/ordertank.app/Frameworks/hermes.framework'>', codeSigningInfo='<_DVTCodeSigningInformation_Path: 0x60001d324eb0; isSigned='1', isAdHocSigned='0', signingCertificate='<DVTSigningCertificate: 0x60000c905bc0; name='Apple Development: Viral Bhadiyadra (52WXJBRL78)', hash='42594284A81E2CB22E682BA09E41A86536BDB91E', serialNumber='5A58769B46F1B9B9976C091C809A91AA', certificateKinds='(
    "1.2.840.113635.100.6.1.12",
    "1.2.840.113635.100.6.1.2"
), issueDate='2024-08-20 09:15:19 +0000''>', entitlements='(null)', teamID='UMF7249LB9', identifier='dev.hermesengine.iphoneos', executablePath='<DVTFilePath:0x600031b273a0:'/Users/imac/Library/Developer/Xcode/Archives/2024-08-27/ordertank 27-08-24, 4.42 PM.xcarchive/Products/Applications/ordertank.app/Frameworks/hermes.framework/hermes'>', hardenedRuntime='0'>'> are: {
}
2024-08-27 11:12:55 +0000  Writing entitlements for <IDEDistributionItem: 0x60005d9e1980; bundleID='dev.hermesengine.iphoneos', path='<DVTFilePath:0x600051d28c00:'/Users/imac/Library/Developer/Xcode/Archives/2024-08-27/ordertank 27-08-24, 4.42 PM.xcarchive/Products/Applications/ordertank.app/Frameworks/hermes.framework'>', codeSigningInfo='<_DVTCodeSigningInformation_Path: 0x60001d324eb0; isSigned='1', isAdHocSigned='0', signingCertificate='<DVTSigningCertificate: 0x60000c904180; name='Apple Development: Viral Bhadiyadra (52WXJBRL78)', hash='42594284A81E2CB22E682BA09E41A86536BDB91E', serialNumber='5A58769B46F1B9B9976C091C809A91AA', certificateKinds='(
    "1.2.840.113635.100.6.1.12",
    "1.2.840.113635.100.6.1.2"
), issueDate='2024-08-20 09:15:19 +0000''>', entitlements='(null)', teamID='UMF7249LB9', identifier='dev.hermesengine.iphoneos', executablePath='<DVTFilePath:0x600031b273a0:'/Users/imac/Library/Developer/Xcode/Archives/2024-08-27/ordertank 27-08-24, 4.42 PM.xcarchive/Products/Applications/ordertank.app/Frameworks/hermes.framework/hermes'>', hardenedRuntime='0'>'> to: /var/folders/95/jk8djvtd27v783jktv4xlssw0000gn/T/XcodeDistPipeline.~~~SXJ7hs/entitlements~~~zXIXEa
2024-08-27 11:12:55 +0000  Running /usr/bin/codesign '-vvv' '--force' '--sign' '42594284A81E2CB22E682BA09E41A86536BDB91E' '--entitlements' '/var/folders/95/jk8djvtd27v783jktv4xlssw0000gn/T/XcodeDistPipeline.~~~SXJ7hs/entitlements~~~zXIXEa' '--generate-entitlement-der' '--strip-disallowed-xattrs' '--preserve-metadata=identifier,flags,runtime' '/var/folders/95/jk8djvtd27v783jktv4xlssw0000gn/T/XcodeDistPipeline.~~~SXJ7hs/Root/Payload/ordertank.app/Frameworks/hermes.framework'
2024-08-27 11:12:55 +0000  /var/folders/95/jk8djvtd27v783jktv4xlssw0000gn/T/XcodeDistPipeline.~~~SXJ7hs/Root/Payload/ordertank.app/Frameworks/hermes.framework: replacing existing signature
2024-08-27 11:12:55 +0000  /var/folders/95/jk8djvtd27v783jktv4xlssw0000gn/T/XcodeDistPipeline.~~~SXJ7hs/Root/Payload/ordertank.app/Frameworks/hermes.framework: signed bundle with Mach-O thin (arm64) [dev.hermesengine.iphoneos]
2024-08-27 11:12:55 +0000  /usr/bin/codesign exited with 0
2024-08-27 11:12:55 +0000  Entitlements for <IDEDistributionItem: 0x600061734720; bundleID='com.ordertank', path='<DVTFilePath:0x600051d24880:'/Users/imac/Library/Developer/Xcode/Archives/2024-08-27/ordertank 27-08-24, 4.42 PM.xcarchive/Products/Applications/ordertank.app'>', codeSigningInfo='<_DVTCodeSigningInformation_Path: 0x60001d0d6030; isSigned='1', isAdHocSigned='0', signingCertificate='<DVTSigningCertificate: 0x60000c909b00; name='Apple Development: Viral Bhadiyadra (52WXJBRL78)', hash='42594284A81E2CB22E682BA09E41A86536BDB91E', serialNumber='5A58769B46F1B9B9976C091C809A91AA', certificateKinds='(
    "1.2.840.113635.100.6.1.12",
    "1.2.840.113635.100.6.1.2"
), issueDate='2024-08-20 09:15:19 +0000''>', entitlements='{
    "application-identifier" = "UMF7249LB9.com.ordertank";
    "aps-environment" = development;
    "com.apple.developer.team-identifier" = UMF7249LB9;
    "get-task-allow" = 1;
}', teamID='UMF7249LB9', identifier='com.ordertank', executablePath='<DVTFilePath:0x600051d25300:'/Users/imac/Library/Developer/Xcode/Archives/2024-08-27/ordertank 27-08-24, 4.42 PM.xcarchive/Products/Applications/ordertank.app/ordertank'>', hardenedRuntime='0'>'>: {
    "application-identifier" = "UMF7249LB9.com.ordertank";
    "aps-environment" = development;
    "com.apple.developer.team-identifier" = UMF7249LB9;
    "get-task-allow" = 1;
}
2024-08-27 11:12:55 +0000  Associated App Clip Identifiers Filter: Skipping because "com.apple.developer.associated-appclip-app-identifiers" is not present
2024-08-27 11:12:55 +0000  Entitlements for <IDEDistributionItem: 0x600061734720; bundleID='com.ordertank', path='<DVTFilePath:0x600051d24880:'/Users/imac/Library/Developer/Xcode/Archives/2024-08-27/ordertank 27-08-24, 4.42 PM.xcarchive/Products/Applications/ordertank.app'>', codeSigningInfo='<_DVTCodeSigningInformation_Path: 0x60001d0d6030; isSigned='1', isAdHocSigned='0', signingCertificate='<DVTSigningCertificate: 0x60000c91c6c0; name='Apple Development: Viral Bhadiyadra (52WXJBRL78)', hash='42594284A81E2CB22E682BA09E41A86536BDB91E', serialNumber='5A58769B46F1B9B9976C091C809A91AA', certificateKinds='(
    "1.2.840.113635.100.6.1.12",
    "1.2.840.113635.100.6.1.2"
), issueDate='2024-08-20 09:15:19 +0000''>', entitlements='{
    "application-identifier" = "UMF7249LB9.com.ordertank";
    "aps-environment" = development;
    "com.apple.developer.team-identifier" = UMF7249LB9;
    "get-task-allow" = 1;
}', teamID='UMF7249LB9', identifier='com.ordertank', executablePath='<DVTFilePath:0x600051d25300:'/Users/imac/Library/Developer/Xcode/Archives/2024-08-27/ordertank 27-08-24, 4.42 PM.xcarchive/Products/Applications/ordertank.app/ordertank'>', hardenedRuntime='0'>'> are: {
    "application-identifier" = "UMF7249LB9.com.ordertank";
    "aps-environment" = development;
    "com.apple.developer.team-identifier" = UMF7249LB9;
    "get-task-allow" = 1;
}
2024-08-27 11:12:55 +0000  Writing entitlements for <IDEDistributionItem: 0x600061734720; bundleID='com.ordertank', path='<DVTFilePath:0x600051d24880:'/Users/imac/Library/Developer/Xcode/Archives/2024-08-27/ordertank 27-08-24, 4.42 PM.xcarchive/Products/Applications/ordertank.app'>', codeSigningInfo='<_DVTCodeSigningInformation_Path: 0x60001d0d6030; isSigned='1', isAdHocSigned='0', signingCertificate='<DVTSigningCertificate: 0x60000c905bc0; name='Apple Development: Viral Bhadiyadra (52WXJBRL78)', hash='42594284A81E2CB22E682BA09E41A86536BDB91E', serialNumber='5A58769B46F1B9B9976C091C809A91AA', certificateKinds='(
    "1.2.840.113635.100.6.1.12",
    "1.2.840.113635.100.6.1.2"
), issueDate='2024-08-20 09:15:19 +0000''>', entitlements='{
    "application-identifier" = "UMF7249LB9.com.ordertank";
    "aps-environment" = development;
    "com.apple.developer.team-identifier" = UMF7249LB9;
    "get-task-allow" = 1;
}', teamID='UMF7249LB9', identifier='com.ordertank', executablePath='<DVTFilePath:0x600051d25300:'/Users/imac/Library/Developer/Xcode/Archives/2024-08-27/ordertank 27-08-24, 4.42 PM.xcarchive/Products/Applications/ordertank.app/ordertank'>', hardenedRuntime='0'>'> to: /var/folders/95/jk8djvtd27v783jktv4xlssw0000gn/T/XcodeDistPipeline.~~~SXJ7hs/entitlements~~~fHnBdN
2024-08-27 11:12:55 +0000  Running /usr/bin/codesign '-vvv' '--force' '--sign' '42594284A81E2CB22E682BA09E41A86536BDB91E' '--entitlements' '/var/folders/95/jk8djvtd27v783jktv4xlssw0000gn/T/XcodeDistPipeline.~~~SXJ7hs/entitlements~~~fHnBdN' '--generate-entitlement-der' '--strip-disallowed-xattrs' '--preserve-metadata=identifier,flags,runtime' '/var/folders/95/jk8djvtd27v783jktv4xlssw0000gn/T/XcodeDistPipeline.~~~SXJ7hs/Root/Payload/ordertank.app'
2024-08-27 11:12:55 +0000  /var/folders/95/jk8djvtd27v783jktv4xlssw0000gn/T/XcodeDistPipeline.~~~SXJ7hs/Root/Payload/ordertank.app: replacing existing signature
2024-08-27 11:12:55 +0000  /var/folders/95/jk8djvtd27v783jktv4xlssw0000gn/T/XcodeDistPipeline.~~~SXJ7hs/Root/Payload/ordertank.app: signed app bundle with Mach-O thin (arm64) [com.ordertank]
2024-08-27 11:12:55 +0000  /usr/bin/codesign exited with 0
2024-08-27 11:12:55 +0000  Processing step: IDEDistributionZipODRItemStep
2024-08-27 11:12:55 +0000  Skipping step: IDEDistributionZipODRItemStep because it said so
2024-08-27 11:12:55 +0000  Skipping step: IDEDistributionZipODRItemStep because it said so
2024-08-27 11:12:55 +0000  Processing step: IDEDistributionCreateIPAStep
2024-08-27 11:12:55 +0000  Running /usr/bin/ditto '-V' '-c' '-k' '--norsrc' '/var/folders/95/jk8djvtd27v783jktv4xlssw0000gn/T/XcodeDistPipeline.~~~SXJ7hs/Root' '/var/folders/95/jk8djvtd27v783jktv4xlssw0000gn/T/XcodeDistPipeline.~~~SXJ7hs/Packages/ordertank.ipa'
2024-08-27 11:12:55 +0000  >>> Copying /var/folders/95/jk8djvtd27v783jktv4xlssw0000gn/T/XcodeDistPipeline.~~~SXJ7hs/Root 
2024-08-27 11:12:55 +0000  copying file ./Payload/ordertank.app/_CodeSignature/CodeResources ... 
2024-08-27 11:12:55 +0000  67567 bytes for ./Payload/ordertank.app/_CodeSignature/CodeResources
copying file ./Payload/ordertank.app/Lexend-Regular.ttf ... 
2024-08-27 11:12:55 +0000  78360 bytes for ./Payload/ordertank.app/Lexend-Regular.ttf
2024-08-27 11:12:55 +0000  copying file ./Payload/ordertank.app/Montserrat-Medium.ttf ... 
2024-08-27 11:12:55 +0000  197756 bytes for ./Payload/ordertank.app/Montserrat-Medium.ttf
copying file ./Payload/ordertank.app/Lexend-SemiBold.ttf ... 
2024-08-27 11:12:55 +0000  78744 bytes for ./Payload/ordertank.app/Lexend-SemiBold.ttf
2024-08-27 11:12:55 +0000  copying file ./Payload/ordertank.app/QBImagePicker.bundle/de.lproj/QBImagePicker.strings ... 
2024-08-27 11:12:55 +0000  1131 bytes for ./Payload/ordertank.app/QBImagePicker.bundle/de.lproj/QBImagePicker.strings
copying file ./Payload/ordertank.app/QBImagePicker.bundle/zh-Hans.lproj/QBImagePicker.strings ... 
2024-08-27 11:12:55 +0000  1119 bytes for ./Payload/ordertank.app/QBImagePicker.bundle/zh-Hans.lproj/QBImagePicker.strings
2024-08-27 11:12:55 +0000  copying file ./Payload/ordertank.app/QBImagePicker.bundle/ja.lproj/QBImagePicker.strings ... 
1214 bytes for ./Payload/ordertank.app/QBImagePicker.bundle/ja.lproj/QBImagePicker.strings
2024-08-27 11:12:55 +0000  copying file ./Payload/ordertank.app/QBImagePicker.bundle/en.lproj/QBImagePicker.strings ... 
1064 bytes for ./Payload/ordertank.app/QBImagePicker.bundle/en.lproj/QBImagePicker.strings
2024-08-27 11:12:55 +0000  copying file ./Payload/ordertank.app/QBImagePicker.bundle/uk.lproj/QBImagePicker.strings ... 
2024-08-27 11:12:55 +0000  1398 bytes for ./Payload/ordertank.app/QBImagePicker.bundle/uk.lproj/QBImagePicker.strings
copying file ./Payload/ordertank.app/QBImagePicker.bundle/QBImagePicker.storyboardc/QiH-NZ-ZGN-view-sD2-zK-ryo.nib/runtime.nib ... 
2024-08-27 11:12:55 +0000  10065 bytes for ./Payload/ordertank.app/QBImagePicker.bundle/QBImagePicker.storyboardc/QiH-NZ-ZGN-view-sD2-zK-ryo.nib/runtime.nib
copying file ./Payload/ordertank.app/QBImagePicker.bundle/QBImagePicker.storyboardc/QiH-NZ-ZGN-view-sD2-zK-ryo.nib/objects-12.3+.nib ... 
2024-08-27 11:12:55 +0000  10292 bytes for ./Payload/ordertank.app/QBImagePicker.bundle/QBImagePicker.storyboardc/QiH-NZ-ZGN-view-sD2-zK-ryo.nib/objects-12.3+.nib
2024-08-27 11:12:55 +0000  copying file ./Payload/ordertank.app/QBImagePicker.bundle/QBImagePicker.storyboardc/QBAlbumsViewController.nib/runtime.nib ... 
2024-08-27 11:12:55 +0000  1800 bytes for ./Payload/ordertank.app/QBImagePicker.bundle/QBImagePicker.storyboardc/QBAlbumsViewController.nib/runtime.nib
copying file ./Payload/ordertank.app/QBImagePicker.bundle/QBImagePicker.storyboardc/QBAlbumsViewController.nib/objects-12.3+.nib ... 
2024-08-27 11:12:55 +0000  1800 bytes for ./Payload/ordertank.app/QBImagePicker.bundle/QBImagePicker.storyboardc/QBAlbumsViewController.nib/objects-12.3+.nib
2024-08-27 11:12:55 +0000  copying file ./Payload/ordertank.app/QBImagePicker.bundle/QBImagePicker.storyboardc/QBAssetsViewController.nib/runtime.nib ... 
2024-08-27 11:12:55 +0000  1393 bytes for ./Payload/ordertank.app/QBImagePicker.bundle/QBImagePicker.storyboardc/QBAssetsViewController.nib/runtime.nib
copying file ./Payload/ordertank.app/QBImagePicker.bundle/QBImagePicker.storyboardc/QBAssetsViewController.nib/objects-12.3+.nib ... 
2024-08-27 11:12:55 +0000  1393 bytes for ./Payload/ordertank.app/QBImagePicker.bundle/QBImagePicker.storyboardc/QBAssetsViewController.nib/objects-12.3+.nib
copying file ./Payload/ordertank.app/QBImagePicker.bundle/QBImagePicker.storyboardc/QL5-wR-LYt-view-66K-TS-Yoc.nib/runtime.nib ... 
2024-08-27 11:12:55 +0000  7037 bytes for ./Payload/ordertank.app/QBImagePicker.bundle/QBImagePicker.storyboardc/QL5-wR-LYt-view-66K-TS-Yoc.nib/runtime.nib
2024-08-27 11:12:55 +0000  copying file ./Payload/ordertank.app/QBImagePicker.bundle/QBImagePicker.storyboardc/QL5-wR-LYt-view-66K-TS-Yoc.nib/objects-12.3+.nib ... 
2024-08-27 11:12:55 +0000  7037 bytes for ./Payload/ordertank.app/QBImagePicker.bundle/QBImagePicker.storyboardc/QL5-wR-LYt-view-66K-TS-Yoc.nib/objects-12.3+.nib
2024-08-27 11:12:55 +0000  copying file ./Payload/ordertank.app/QBImagePicker.bundle/QBImagePicker.storyboardc/QBAlbumsNavigationController.nib/runtime.nib ... 
2024-08-27 11:12:55 +0000  2631 bytes for ./Payload/ordertank.app/QBImagePicker.bundle/QBImagePicker.storyboardc/QBAlbumsNavigationController.nib/runtime.nib
2024-08-27 11:12:55 +0000  copying file ./Payload/ordertank.app/QBImagePicker.bundle/QBImagePicker.storyboardc/QBAlbumsNavigationController.nib/objects-12.3+.nib ... 
2024-08-27 11:12:55 +0000  2631 bytes for ./Payload/ordertank.app/QBImagePicker.bundle/QBImagePicker.storyboardc/QBAlbumsNavigationController.nib/objects-12.3+.nib
2024-08-27 11:12:55 +0000  copying file ./Payload/ordertank.app/QBImagePicker.bundle/QBImagePicker.storyboardc/Info.plist ... 
2024-08-27 11:12:55 +0000  289 bytes for ./Payload/ordertank.app/QBImagePicker.bundle/QBImagePicker.storyboardc/Info.plist
2024-08-27 11:12:55 +0000  copying file ./Payload/ordertank.app/QBImagePicker.bundle/nb.lproj/QBImagePicker.strings ... 
2024-08-27 11:12:55 +0000  1076 bytes for ./Payload/ordertank.app/QBImagePicker.bundle/nb.lproj/QBImagePicker.strings
2024-08-27 11:12:55 +0000  copying file ./Payload/ordertank.app/QBImagePicker.bundle/es.lproj/QBImagePicker.strings ... 
2024-08-27 11:12:55 +0000  1113 bytes for ./Payload/ordertank.app/QBImagePicker.bundle/es.lproj/QBImagePicker.strings
2024-08-27 11:12:55 +0000  copying file ./Payload/ordertank.app/QBImagePicker.bundle/da.lproj/QBImagePicker.strings ... 
2024-08-27 11:12:55 +0000  1015 bytes for ./Payload/ordertank.app/QBImagePicker.bundle/da.lproj/QBImagePicker.strings
2024-08-27 11:12:55 +0000  copying file ./Payload/ordertank.app/QBImagePicker.bundle/it.lproj/QBImagePicker.strings ... 
2024-08-27 11:12:55 +0000  1088 bytes for ./Payload/ordertank.app/QBImagePicker.bundle/it.lproj/QBImagePicker.strings
2024-08-27 11:12:55 +0000  copying file ./Payload/ordertank.app/QBImagePicker.bundle/sv.lproj/QBImagePicker.strings ... 
2024-08-27 11:12:55 +0000  1082 bytes for ./Payload/ordertank.app/QBImagePicker.bundle/sv.lproj/QBImagePicker.strings
2024-08-27 11:12:55 +0000  copying file ./Payload/ordertank.app/QBImagePicker.bundle/ko.lproj/QBImagePicker.strings ... 
2024-08-27 11:12:55 +0000  1139 bytes for ./Payload/ordertank.app/QBImagePicker.bundle/ko.lproj/QBImagePicker.strings
2024-08-27 11:12:55 +0000  copying file ./Payload/ordertank.app/QBImagePicker.bundle/zh-Hant.lproj/QBImagePicker.strings ... 
2024-08-27 11:12:55 +0000  1119 bytes for ./Payload/ordertank.app/QBImagePicker.bundle/zh-Hant.lproj/QBImagePicker.strings
2024-08-27 11:12:55 +0000  copying file ./Payload/ordertank.app/QBImagePicker.bundle/tr.lproj/QBImagePicker.strings ... 
2024-08-27 11:12:55 +0000  1104 bytes for ./Payload/ordertank.app/QBImagePicker.bundle/tr.lproj/QBImagePicker.strings
2024-08-27 11:12:55 +0000  copying file ./Payload/ordertank.app/QBImagePicker.bundle/pl.lproj/QBImagePicker.strings ... 
2024-08-27 11:12:55 +0000  1119 bytes for ./Payload/ordertank.app/QBImagePicker.bundle/pl.lproj/QBImagePicker.strings
2024-08-27 11:12:55 +0000  copying file ./Payload/ordertank.app/QBImagePicker.bundle/vi.lproj/QBImagePicker.strings ... 
2024-08-27 11:12:55 +0000  1143 bytes for ./Payload/ordertank.app/QBImagePicker.bundle/vi.lproj/QBImagePicker.strings
2024-08-27 11:12:55 +0000  copying file ./Payload/ordertank.app/QBImagePicker.bundle/ru.lproj/QBImagePicker.strings ... 
2024-08-27 11:12:55 +0000  1433 bytes for ./Payload/ordertank.app/QBImagePicker.bundle/ru.lproj/QBImagePicker.strings
2024-08-27 11:12:55 +0000  copying file ./Payload/ordertank.app/QBImagePicker.bundle/fr.lproj/QBImagePicker.strings ... 
2024-08-27 11:12:55 +0000  1153 bytes for ./Payload/ordertank.app/QBImagePicker.bundle/fr.lproj/QBImagePicker.strings
2024-08-27 11:12:55 +0000  copying file ./Payload/ordertank.app/QBImagePicker.bundle/fi.lproj/QBImagePicker.strings ... 
2024-08-27 11:12:55 +0000  1002 bytes for ./Payload/ordertank.app/QBImagePicker.bundle/fi.lproj/QBImagePicker.strings
2024-08-27 11:12:55 +0000  copying file ./Payload/ordertank.app/QBImagePicker.bundle/pt.lproj/QBImagePicker.strings ... 
2024-08-27 11:12:55 +0000  1112 bytes for ./Payload/ordertank.app/QBImagePicker.bundle/pt.lproj/QBImagePicker.strings
copying file ./Payload/ordertank.app/QBImagePicker.bundle/ro.lproj/QBImagePicker.strings ... 
2024-08-27 11:12:55 +0000  1127 bytes for ./Payload/ordertank.app/QBImagePicker.bundle/ro.lproj/QBImagePicker.strings
2024-08-27 11:12:55 +0000  copying file ./Payload/ordertank.app/QBImagePicker.bundle/Info.plist ... 
2024-08-27 11:12:55 +0000  770 bytes for ./Payload/ordertank.app/QBImagePicker.bundle/Info.plist
copying file ./Payload/ordertank.app/Lexend-ExtraBold.ttf ... 
2024-08-27 11:12:55 +0000  78716 bytes for ./Payload/ordertank.app/Lexend-ExtraBold.ttf
2024-08-27 11:12:55 +0000  copying file ./Payload/ordertank.app/AppIcon60x60@2x.png ... 
2024-08-27 11:12:55 +0000  5177 bytes for ./Payload/ordertank.app/AppIcon60x60@2x.png
2024-08-27 11:12:55 +0000  copying file ./Payload/ordertank.app/Montserrat-Bold.ttf ... 
2024-08-27 11:12:55 +0000  198120 bytes for ./Payload/ordertank.app/Montserrat-Bold.ttf
copying file ./Payload/ordertank.app/ordertank ... 
2024-08-27 11:12:56 +0000  6471824 bytes for ./Payload/ordertank.app/ordertank
copying file ./Payload/ordertank.app/GoogleService-Info.plist ... 
2024-08-27 11:12:56 +0000  521 bytes for ./Payload/ordertank.app/GoogleService-Info.plist
copying file ./Payload/ordertank.app/Assets.car ... 
2024-08-27 11:12:56 +0000  462815 bytes for ./Payload/ordertank.app/Assets.car
copying file ./Payload/ordertank.app/Montserrat-SemiBold.ttf ... 
2024-08-27 11:12:56 +0000  197964 bytes for ./Payload/ordertank.app/Montserrat-SemiBold.ttf
copying file ./Payload/ordertank.app/main.jsbundle ... 
2024-08-27 11:12:56 +0000  4437507 bytes for ./Payload/ordertank.app/main.jsbundle
2024-08-27 11:12:56 +0000  copying file ./Payload/ordertank.app/RCTI18nStrings.bundle/de.lproj/Localizable.strings ... 
64 bytes for ./Payload/ordertank.app/RCTI18nStrings.bundle/de.lproj/Localizable.strings
copying file ./Payload/ordertank.app/RCTI18nStrings.bundle/de.lproj/fbt_language_pack.bin ... 
2024-08-27 11:12:56 +0000  1312 bytes for ./Payload/ordertank.app/RCTI18nStrings.bundle/de.lproj/fbt_language_pack.bin
2024-08-27 11:12:56 +0000  copying file ./Payload/ordertank.app/RCTI18nStrings.bundle/he.lproj/Localizable.strings ... 
64 bytes for ./Payload/ordertank.app/RCTI18nStrings.bundle/he.lproj/Localizable.strings
copying file ./Payload/ordertank.app/RCTI18nStrings.bundle/he.lproj/fbt_language_pack.bin ... 
2024-08-27 11:12:56 +0000  1444 bytes for ./Payload/ordertank.app/RCTI18nStrings.bundle/he.lproj/fbt_language_pack.bin
copying file ./Payload/ordertank.app/RCTI18nStrings.bundle/ar.lproj/Localizable.strings ... 
64 bytes for ./Payload/ordertank.app/RCTI18nStrings.bundle/ar.lproj/Localizable.strings
2024-08-27 11:12:56 +0000  copying file ./Payload/ordertank.app/RCTI18nStrings.bundle/ar.lproj/fbt_language_pack.bin ... 
1500 bytes for ./Payload/ordertank.app/RCTI18nStrings.bundle/ar.lproj/fbt_language_pack.bin
2024-08-27 11:12:56 +0000  copying file ./Payload/ordertank.app/RCTI18nStrings.bundle/el.lproj/Localizable.strings ... 
64 bytes for ./Payload/ordertank.app/RCTI18nStrings.bundle/el.lproj/Localizable.strings
copying file ./Payload/ordertank.app/RCTI18nStrings.bundle/el.lproj/fbt_language_pack.bin ... 
2024-08-27 11:12:56 +0000  1600 bytes for ./Payload/ordertank.app/RCTI18nStrings.bundle/el.lproj/fbt_language_pack.bin
2024-08-27 11:12:56 +0000  copying file ./Payload/ordertank.app/RCTI18nStrings.bundle/zh-Hans.lproj/Localizable.strings ... 
64 bytes for ./Payload/ordertank.app/RCTI18nStrings.bundle/zh-Hans.lproj/Localizable.strings
copying file ./Payload/ordertank.app/RCTI18nStrings.bundle/zh-Hans.lproj/fbt_language_pack.bin ... 
2024-08-27 11:12:56 +0000  1296 bytes for ./Payload/ordertank.app/RCTI18nStrings.bundle/zh-Hans.lproj/fbt_language_pack.bin
copying file ./Payload/ordertank.app/RCTI18nStrings.bundle/ja.lproj/Localizable.strings ... 
2024-08-27 11:12:56 +0000  64 bytes for ./Payload/ordertank.app/RCTI18nStrings.bundle/ja.lproj/Localizable.strings
copying file ./Payload/ordertank.app/RCTI18nStrings.bundle/ja.lproj/fbt_language_pack.bin ... 
2024-08-27 11:12:56 +0000  1436 bytes for ./Payload/ordertank.app/RCTI18nStrings.bundle/ja.lproj/fbt_language_pack.bin
copying file ./Payload/ordertank.app/RCTI18nStrings.bundle/en.lproj/Localizable.strings ... 
2024-08-27 11:12:56 +0000  64 bytes for ./Payload/ordertank.app/RCTI18nStrings.bundle/en.lproj/Localizable.strings
copying file ./Payload/ordertank.app/RCTI18nStrings.bundle/zh-Hant-HK.lproj/Localizable.strings ... 
2024-08-27 11:12:56 +0000  64 bytes for ./Payload/ordertank.app/RCTI18nStrings.bundle/zh-Hant-HK.lproj/Localizable.strings
copying file ./Payload/ordertank.app/RCTI18nStrings.bundle/zh-Hant-HK.lproj/fbt_language_pack.bin ... 
2024-08-27 11:12:56 +0000  1296 bytes for ./Payload/ordertank.app/RCTI18nStrings.bundle/zh-Hant-HK.lproj/fbt_language_pack.bin
2024-08-27 11:12:56 +0000  copying file ./Payload/ordertank.app/RCTI18nStrings.bundle/uk.lproj/Localizable.strings ... 
64 bytes for ./Payload/ordertank.app/RCTI18nStrings.bundle/uk.lproj/Localizable.strings
copying file ./Payload/ordertank.app/RCTI18nStrings.bundle/uk.lproj/fbt_language_pack.bin ... 
2024-08-27 11:12:56 +0000  1564 bytes for ./Payload/ordertank.app/RCTI18nStrings.bundle/uk.lproj/fbt_language_pack.bin
2024-08-27 11:12:56 +0000  copying file ./Payload/ordertank.app/RCTI18nStrings.bundle/nb.lproj/Localizable.strings ... 
2024-08-27 11:12:56 +0000  64 bytes for ./Payload/ordertank.app/RCTI18nStrings.bundle/nb.lproj/Localizable.strings
copying file ./Payload/ordertank.app/RCTI18nStrings.bundle/nb.lproj/fbt_language_pack.bin ... 
2024-08-27 11:12:56 +0000  1296 bytes for ./Payload/ordertank.app/RCTI18nStrings.bundle/nb.lproj/fbt_language_pack.bin
2024-08-27 11:12:56 +0000  copying file ./Payload/ordertank.app/RCTI18nStrings.bundle/en-GB.lproj/Localizable.strings ... 
2024-08-27 11:12:56 +0000  64 bytes for ./Payload/ordertank.app/RCTI18nStrings.bundle/en-GB.lproj/Localizable.strings
2024-08-27 11:12:56 +0000  copying file ./Payload/ordertank.app/RCTI18nStrings.bundle/en-GB.lproj/fbt_language_pack.bin ... 
2024-08-27 11:12:56 +0000  1268 bytes for ./Payload/ordertank.app/RCTI18nStrings.bundle/en-GB.lproj/fbt_language_pack.bin
2024-08-27 11:12:56 +0000  copying file ./Payload/ordertank.app/RCTI18nStrings.bundle/es.lproj/Localizable.strings ... 
2024-08-27 11:12:56 +0000  64 bytes for ./Payload/ordertank.app/RCTI18nStrings.bundle/es.lproj/Localizable.strings
copying file ./Payload/ordertank.app/RCTI18nStrings.bundle/es.lproj/fbt_language_pack.bin ... 
2024-08-27 11:12:56 +0000  1364 bytes for ./Payload/ordertank.app/RCTI18nStrings.bundle/es.lproj/fbt_language_pack.bin
2024-08-27 11:12:56 +0000  copying file ./Payload/ordertank.app/RCTI18nStrings.bundle/da.lproj/Localizable.strings ... 
2024-08-27 11:12:56 +0000  64 bytes for ./Payload/ordertank.app/RCTI18nStrings.bundle/da.lproj/Localizable.strings
copying file ./Payload/ordertank.app/RCTI18nStrings.bundle/da.lproj/fbt_language_pack.bin ... 
2024-08-27 11:12:56 +0000  1300 bytes for ./Payload/ordertank.app/RCTI18nStrings.bundle/da.lproj/fbt_language_pack.bin
2024-08-27 11:12:56 +0000  copying file ./Payload/ordertank.app/RCTI18nStrings.bundle/it.lproj/Localizable.strings ... 
2024-08-27 11:12:56 +0000  64 bytes for ./Payload/ordertank.app/RCTI18nStrings.bundle/it.lproj/Localizable.strings
copying file ./Payload/ordertank.app/RCTI18nStrings.bundle/it.lproj/fbt_language_pack.bin ... 
2024-08-27 11:12:56 +0000  1388 bytes for ./Payload/ordertank.app/RCTI18nStrings.bundle/it.lproj/fbt_language_pack.bin
2024-08-27 11:12:56 +0000  copying file ./Payload/ordertank.app/RCTI18nStrings.bundle/sk.lproj/Localizable.strings ... 
2024-08-27 11:12:56 +0000  64 bytes for ./Payload/ordertank.app/RCTI18nStrings.bundle/sk.lproj/Localizable.strings
copying file ./Payload/ordertank.app/RCTI18nStrings.bundle/sk.lproj/fbt_language_pack.bin ... 
2024-08-27 11:12:56 +0000  1356 bytes for ./Payload/ordertank.app/RCTI18nStrings.bundle/sk.lproj/fbt_language_pack.bin
2024-08-27 11:12:56 +0000  copying file ./Payload/ordertank.app/RCTI18nStrings.bundle/es-ES.lproj/Localizable.strings ... 
2024-08-27 11:12:56 +0000  64 bytes for ./Payload/ordertank.app/RCTI18nStrings.bundle/es-ES.lproj/Localizable.strings
copying file ./Payload/ordertank.app/RCTI18nStrings.bundle/es-ES.lproj/fbt_language_pack.bin ... 
2024-08-27 11:12:56 +0000  1368 bytes for ./Payload/ordertank.app/RCTI18nStrings.bundle/es-ES.lproj/fbt_language_pack.bin
2024-08-27 11:12:56 +0000  copying file ./Payload/ordertank.app/RCTI18nStrings.bundle/ms.lproj/Localizable.strings ... 
64 bytes for ./Payload/ordertank.app/RCTI18nStrings.bundle/ms.lproj/Localizable.strings
2024-08-27 11:12:56 +0000  copying file ./Payload/ordertank.app/RCTI18nStrings.bundle/ms.lproj/fbt_language_pack.bin ... 
2024-08-27 11:12:56 +0000  1292 bytes for ./Payload/ordertank.app/RCTI18nStrings.bundle/ms.lproj/fbt_language_pack.bin
2024-08-27 11:12:56 +0000  copying file ./Payload/ordertank.app/RCTI18nStrings.bundle/sv.lproj/Localizable.strings ... 
2024-08-27 11:12:56 +0000  64 bytes for ./Payload/ordertank.app/RCTI18nStrings.bundle/sv.lproj/Localizable.strings
copying file ./Payload/ordertank.app/RCTI18nStrings.bundle/sv.lproj/fbt_language_pack.bin ... 
2024-08-27 11:12:56 +0000  1300 bytes for ./Payload/ordertank.app/RCTI18nStrings.bundle/sv.lproj/fbt_language_pack.bin
2024-08-27 11:12:56 +0000  copying file ./Payload/ordertank.app/RCTI18nStrings.bundle/cs.lproj/Localizable.strings ... 
2024-08-27 11:12:56 +0000  64 bytes for ./Payload/ordertank.app/RCTI18nStrings.bundle/cs.lproj/Localizable.strings
copying file ./Payload/ordertank.app/RCTI18nStrings.bundle/cs.lproj/fbt_language_pack.bin ... 
2024-08-27 11:12:56 +0000  1368 bytes for ./Payload/ordertank.app/RCTI18nStrings.bundle/cs.lproj/fbt_language_pack.bin
2024-08-27 11:12:56 +0000  copying file ./Payload/ordertank.app/RCTI18nStrings.bundle/ko.lproj/Localizable.strings ... 
2024-08-27 11:12:56 +0000  64 bytes for ./Payload/ordertank.app/RCTI18nStrings.bundle/ko.lproj/Localizable.strings
copying file ./Payload/ordertank.app/RCTI18nStrings.bundle/ko.lproj/fbt_language_pack.bin ... 
2024-08-27 11:12:56 +0000  1332 bytes for ./Payload/ordertank.app/RCTI18nStrings.bundle/ko.lproj/fbt_language_pack.bin
2024-08-27 11:12:56 +0000  copying file ./Payload/ordertank.app/RCTI18nStrings.bundle/zh-Hant.lproj/Localizable.strings ... 
2024-08-27 11:12:56 +0000  64 bytes for ./Payload/ordertank.app/RCTI18nStrings.bundle/zh-Hant.lproj/Localizable.strings
2024-08-27 11:12:56 +0000  copying file ./Payload/ordertank.app/RCTI18nStrings.bundle/zh-Hant.lproj/fbt_language_pack.bin ... 
2024-08-27 11:12:56 +0000  1308 bytes for ./Payload/ordertank.app/RCTI18nStrings.bundle/zh-Hant.lproj/fbt_language_pack.bin
2024-08-27 11:12:56 +0000  copying file ./Payload/ordertank.app/RCTI18nStrings.bundle/hu.lproj/Localizable.strings ... 
2024-08-27 11:12:56 +0000  64 bytes for ./Payload/ordertank.app/RCTI18nStrings.bundle/hu.lproj/Localizable.strings
copying file ./Payload/ordertank.app/RCTI18nStrings.bundle/hu.lproj/fbt_language_pack.bin ... 
2024-08-27 11:12:56 +0000  1348 bytes for ./Payload/ordertank.app/RCTI18nStrings.bundle/hu.lproj/fbt_language_pack.bin
2024-08-27 11:12:56 +0000  copying file ./Payload/ordertank.app/RCTI18nStrings.bundle/tr.lproj/Localizable.strings ... 
2024-08-27 11:12:56 +0000  64 bytes for ./Payload/ordertank.app/RCTI18nStrings.bundle/tr.lproj/Localizable.strings
2024-08-27 11:12:56 +0000  copying file ./Payload/ordertank.app/RCTI18nStrings.bundle/tr.lproj/fbt_language_pack.bin ... 
2024-08-27 11:12:56 +0000  1360 bytes for ./Payload/ordertank.app/RCTI18nStrings.bundle/tr.lproj/fbt_language_pack.bin
2024-08-27 11:12:56 +0000  copying file ./Payload/ordertank.app/RCTI18nStrings.bundle/pl.lproj/Localizable.strings ... 
2024-08-27 11:12:56 +0000  64 bytes for ./Payload/ordertank.app/RCTI18nStrings.bundle/pl.lproj/Localizable.strings
2024-08-27 11:12:56 +0000  copying file ./Payload/ordertank.app/RCTI18nStrings.bundle/pl.lproj/fbt_language_pack.bin ... 
2024-08-27 11:12:56 +0000  1340 bytes for ./Payload/ordertank.app/RCTI18nStrings.bundle/pl.lproj/fbt_language_pack.bin
2024-08-27 11:12:56 +0000  copying file ./Payload/ordertank.app/RCTI18nStrings.bundle/vi.lproj/Localizable.strings ... 
2024-08-27 11:12:56 +0000  64 bytes for ./Payload/ordertank.app/RCTI18nStrings.bundle/vi.lproj/Localizable.strings
2024-08-27 11:12:56 +0000  copying file ./Payload/ordertank.app/RCTI18nStrings.bundle/vi.lproj/fbt_language_pack.bin ... 
2024-08-27 11:12:56 +0000  1352 bytes for ./Payload/ordertank.app/RCTI18nStrings.bundle/vi.lproj/fbt_language_pack.bin
2024-08-27 11:12:56 +0000  copying file ./Payload/ordertank.app/RCTI18nStrings.bundle/ru.lproj/Localizable.strings ... 
2024-08-27 11:12:56 +0000  64 bytes for ./Payload/ordertank.app/RCTI18nStrings.bundle/ru.lproj/Localizable.strings
2024-08-27 11:12:56 +0000  copying file ./Payload/ordertank.app/RCTI18nStrings.bundle/ru.lproj/fbt_language_pack.bin ... 
2024-08-27 11:12:56 +0000  1576 bytes for ./Payload/ordertank.app/RCTI18nStrings.bundle/ru.lproj/fbt_language_pack.bin
2024-08-27 11:12:56 +0000  copying file ./Payload/ordertank.app/RCTI18nStrings.bundle/fr.lproj/Localizable.strings ... 
2024-08-27 11:12:56 +0000  64 bytes for ./Payload/ordertank.app/RCTI18nStrings.bundle/fr.lproj/Localizable.strings
2024-08-27 11:12:56 +0000  copying file ./Payload/ordertank.app/RCTI18nStrings.bundle/fr.lproj/fbt_language_pack.bin ... 
2024-08-27 11:12:56 +0000  1360 bytes for ./Payload/ordertank.app/RCTI18nStrings.bundle/fr.lproj/fbt_language_pack.bin
2024-08-27 11:12:56 +0000  copying file ./Payload/ordertank.app/RCTI18nStrings.bundle/fi.lproj/Localizable.strings ... 
2024-08-27 11:12:56 +0000  64 bytes for ./Payload/ordertank.app/RCTI18nStrings.bundle/fi.lproj/Localizable.strings
2024-08-27 11:12:56 +0000  copying file ./Payload/ordertank.app/RCTI18nStrings.bundle/fi.lproj/fbt_language_pack.bin ... 
2024-08-27 11:12:56 +0000  1340 bytes for ./Payload/ordertank.app/RCTI18nStrings.bundle/fi.lproj/fbt_language_pack.bin
2024-08-27 11:12:56 +0000  copying file ./Payload/ordertank.app/RCTI18nStrings.bundle/id.lproj/Localizable.strings ... 
2024-08-27 11:12:56 +0000  64 bytes for ./Payload/ordertank.app/RCTI18nStrings.bundle/id.lproj/Localizable.strings
copying file ./Payload/ordertank.app/RCTI18nStrings.bundle/id.lproj/fbt_language_pack.bin ... 
2024-08-27 11:12:56 +0000  1300 bytes for ./Payload/ordertank.app/RCTI18nStrings.bundle/id.lproj/fbt_language_pack.bin
2024-08-27 11:12:56 +0000  copying file ./Payload/ordertank.app/RCTI18nStrings.bundle/nl.lproj/Localizable.strings ... 
2024-08-27 11:12:56 +0000  64 bytes for ./Payload/ordertank.app/RCTI18nStrings.bundle/nl.lproj/Localizable.strings
copying file ./Payload/ordertank.app/RCTI18nStrings.bundle/nl.lproj/fbt_language_pack.bin ... 
2024-08-27 11:12:56 +0000  1324 bytes for ./Payload/ordertank.app/RCTI18nStrings.bundle/nl.lproj/fbt_language_pack.bin
2024-08-27 11:12:56 +0000  copying file ./Payload/ordertank.app/RCTI18nStrings.bundle/th.lproj/Localizable.strings ... 
2024-08-27 11:12:56 +0000  64 bytes for ./Payload/ordertank.app/RCTI18nStrings.bundle/th.lproj/Localizable.strings
copying file ./Payload/ordertank.app/RCTI18nStrings.bundle/th.lproj/fbt_language_pack.bin ... 
2024-08-27 11:12:56 +0000  1784 bytes for ./Payload/ordertank.app/RCTI18nStrings.bundle/th.lproj/fbt_language_pack.bin
2024-08-27 11:12:56 +0000  copying file ./Payload/ordertank.app/RCTI18nStrings.bundle/pt.lproj/Localizable.strings ... 
2024-08-27 11:12:56 +0000  64 bytes for ./Payload/ordertank.app/RCTI18nStrings.bundle/pt.lproj/Localizable.strings
copying file ./Payload/ordertank.app/RCTI18nStrings.bundle/pt.lproj/fbt_language_pack.bin ... 
2024-08-27 11:12:56 +0000  1356 bytes for ./Payload/ordertank.app/RCTI18nStrings.bundle/pt.lproj/fbt_language_pack.bin
2024-08-27 11:12:56 +0000  copying file ./Payload/ordertank.app/RCTI18nStrings.bundle/zu.lproj/Localizable.strings ... 
2024-08-27 11:12:56 +0000  64 bytes for ./Payload/ordertank.app/RCTI18nStrings.bundle/zu.lproj/Localizable.strings
copying file ./Payload/ordertank.app/RCTI18nStrings.bundle/zu.lproj/fbt_language_pack.bin ... 
2024-08-27 11:12:56 +0000  2076 bytes for ./Payload/ordertank.app/RCTI18nStrings.bundle/zu.lproj/fbt_language_pack.bin
2024-08-27 11:12:56 +0000  copying file ./Payload/ordertank.app/RCTI18nStrings.bundle/pt-PT.lproj/Localizable.strings ... 
2024-08-27 11:12:56 +0000  64 bytes for ./Payload/ordertank.app/RCTI18nStrings.bundle/pt-PT.lproj/Localizable.strings
2024-08-27 11:12:56 +0000  copying file ./Payload/ordertank.app/RCTI18nStrings.bundle/pt-PT.lproj/fbt_language_pack.bin ... 
2024-08-27 11:12:56 +0000  1372 bytes for ./Payload/ordertank.app/RCTI18nStrings.bundle/pt-PT.lproj/fbt_language_pack.bin
2024-08-27 11:12:56 +0000  copying file ./Payload/ordertank.app/RCTI18nStrings.bundle/ro.lproj/Localizable.strings ... 
2024-08-27 11:12:56 +0000  64 bytes for ./Payload/ordertank.app/RCTI18nStrings.bundle/ro.lproj/Localizable.strings
copying file ./Payload/ordertank.app/RCTI18nStrings.bundle/ro.lproj/fbt_language_pack.bin ... 
2024-08-27 11:12:56 +0000  1344 bytes for ./Payload/ordertank.app/RCTI18nStrings.bundle/ro.lproj/fbt_language_pack.bin
2024-08-27 11:12:56 +0000  copying file ./Payload/ordertank.app/RCTI18nStrings.bundle/Info.plist ... 
2024-08-27 11:12:56 +0000  773 bytes for ./Payload/ordertank.app/RCTI18nStrings.bundle/Info.plist
2024-08-27 11:12:56 +0000  copying file ./Payload/ordertank.app/RCTI18nStrings.bundle/hr.lproj/Localizable.strings ... 
2024-08-27 11:12:56 +0000  64 bytes for ./Payload/ordertank.app/RCTI18nStrings.bundle/hr.lproj/Localizable.strings
copying file ./Payload/ordertank.app/RCTI18nStrings.bundle/hr.lproj/fbt_language_pack.bin ... 
2024-08-27 11:12:56 +0000  1352 bytes for ./Payload/ordertank.app/RCTI18nStrings.bundle/hr.lproj/fbt_language_pack.bin
2024-08-27 11:12:56 +0000  copying file ./Payload/ordertank.app/RCTI18nStrings.bundle/hi.lproj/Localizable.strings ... 
2024-08-27 11:12:56 +0000  64 bytes for ./Payload/ordertank.app/RCTI18nStrings.bundle/hi.lproj/Localizable.strings
2024-08-27 11:12:56 +0000  copying file ./Payload/ordertank.app/RCTI18nStrings.bundle/hi.lproj/fbt_language_pack.bin ... 
2024-08-27 11:12:56 +0000  1640 bytes for ./Payload/ordertank.app/RCTI18nStrings.bundle/hi.lproj/fbt_language_pack.bin
2024-08-27 11:12:56 +0000  copying file ./Payload/ordertank.app/LaunchScreen.storyboardc/UIViewController-01J-lp-oVM.nib ... 
2024-08-27 11:12:56 +0000  963 bytes for ./Payload/ordertank.app/LaunchScreen.storyboardc/UIViewController-01J-lp-oVM.nib
2024-08-27 11:12:56 +0000  copying file ./Payload/ordertank.app/LaunchScreen.storyboardc/Info.plist ... 
258 bytes for ./Payload/ordertank.app/LaunchScreen.storyboardc/Info.plist
copying file ./Payload/ordertank.app/LaunchScreen.storyboardc/01J-lp-oVM-view-ThW-5k-kvh.nib ... 
2024-08-27 11:12:56 +0000  1193 bytes for ./Payload/ordertank.app/LaunchScreen.storyboardc/01J-lp-oVM-view-ThW-5k-kvh.nib
2024-08-27 11:12:56 +0000  copying file ./Payload/ordertank.app/Montserrat-Regular.ttf ... 
2024-08-27 11:12:56 +0000  197624 bytes for ./Payload/ordertank.app/Montserrat-Regular.ttf
2024-08-27 11:12:56 +0000  copying file ./Payload/ordertank.app/TOCropViewControllerBundle.bundle/de.lproj/TOCropViewControllerLocalizable.strings ... 
2024-08-27 11:12:56 +0000  189 bytes for ./Payload/ordertank.app/TOCropViewControllerBundle.bundle/de.lproj/TOCropViewControllerLocalizable.strings
2024-08-27 11:12:56 +0000  copying file ./Payload/ordertank.app/TOCropViewControllerBundle.bundle/ar.lproj/TOCropViewControllerLocalizable.strings ... 
2024-08-27 11:12:56 +0000  207 bytes for ./Payload/ordertank.app/TOCropViewControllerBundle.bundle/ar.lproj/TOCropViewControllerLocalizable.strings
2024-08-27 11:12:56 +0000  copying file ./Payload/ordertank.app/TOCropViewControllerBundle.bundle/zh-Hans.lproj/TOCropViewControllerLocalizable.strings ... 
2024-08-27 11:12:56 +0000  172 bytes for ./Payload/ordertank.app/TOCropViewControllerBundle.bundle/zh-Hans.lproj/TOCropViewControllerLocalizable.strings
2024-08-27 11:12:56 +0000  copying file ./Payload/ordertank.app/TOCropViewControllerBundle.bundle/ja.lproj/TOCropViewControllerLocalizable.strings ... 
2024-08-27 11:12:56 +0000  210 bytes for ./Payload/ordertank.app/TOCropViewControllerBundle.bundle/ja.lproj/TOCropViewControllerLocalizable.strings
copying file ./Payload/ordertank.app/TOCropViewControllerBundle.bundle/fa.lproj/TOCropViewControllerLocalizable.strings ... 
2024-08-27 11:12:56 +0000  210 bytes for ./Payload/ordertank.app/TOCropViewControllerBundle.bundle/fa.lproj/TOCropViewControllerLocalizable.strings
2024-08-27 11:12:56 +0000  copying file ./Payload/ordertank.app/TOCropViewControllerBundle.bundle/en.lproj/TOCropViewControllerLocalizable.strings ... 
2024-08-27 11:12:56 +0000  168 bytes for ./Payload/ordertank.app/TOCropViewControllerBundle.bundle/en.lproj/TOCropViewControllerLocalizable.strings
2024-08-27 11:12:56 +0000  copying file ./Payload/ordertank.app/TOCropViewControllerBundle.bundle/es.lproj/TOCropViewControllerLocalizable.strings ... 
2024-08-27 11:12:56 +0000  179 bytes for ./Payload/ordertank.app/TOCropViewControllerBundle.bundle/es.lproj/TOCropViewControllerLocalizable.strings
2024-08-27 11:12:56 +0000  copying file ./Payload/ordertank.app/TOCropViewControllerBundle.bundle/it.lproj/TOCropViewControllerLocalizable.strings ... 
2024-08-27 11:12:56 +0000  181 bytes for ./Payload/ordertank.app/TOCropViewControllerBundle.bundle/it.lproj/TOCropViewControllerLocalizable.strings
2024-08-27 11:12:56 +0000  copying file ./Payload/ordertank.app/TOCropViewControllerBundle.bundle/sk.lproj/TOCropViewControllerLocalizable.strings ... 
2024-08-27 11:12:56 +0000  176 bytes for ./Payload/ordertank.app/TOCropViewControllerBundle.bundle/sk.lproj/TOCropViewControllerLocalizable.strings
copying file ./Payload/ordertank.app/TOCropViewControllerBundle.bundle/ms.lproj/TOCropViewControllerLocalizable.strings ... 
2024-08-27 11:12:56 +0000  173 bytes for ./Payload/ordertank.app/TOCropViewControllerBundle.bundle/ms.lproj/TOCropViewControllerLocalizable.strings
2024-08-27 11:12:56 +0000  copying file ./Payload/ordertank.app/TOCropViewControllerBundle.bundle/cs.lproj/TOCropViewControllerLocalizable.strings ... 
2024-08-27 11:12:56 +0000  173 bytes for ./Payload/ordertank.app/TOCropViewControllerBundle.bundle/cs.lproj/TOCropViewControllerLocalizable.strings
2024-08-27 11:12:56 +0000  copying file ./Payload/ordertank.app/TOCropViewControllerBundle.bundle/ko.lproj/TOCropViewControllerLocalizable.strings ... 
2024-08-27 11:12:56 +0000  187 bytes for ./Payload/ordertank.app/TOCropViewControllerBundle.bundle/ko.lproj/TOCropViewControllerLocalizable.strings
2024-08-27 11:12:56 +0000  copying file ./Payload/ordertank.app/TOCropViewControllerBundle.bundle/Base.lproj/TOCropViewControllerLocalizable.strings ... 
2024-08-27 11:12:56 +0000  168 bytes for ./Payload/ordertank.app/TOCropViewControllerBundle.bundle/Base.lproj/TOCropViewControllerLocalizable.strings
copying file ./Payload/ordertank.app/TOCropViewControllerBundle.bundle/zh-Hant.lproj/TOCropViewControllerLocalizable.strings ... 
2024-08-27 11:12:56 +0000  175 bytes for ./Payload/ordertank.app/TOCropViewControllerBundle.bundle/zh-Hant.lproj/TOCropViewControllerLocalizable.strings
2024-08-27 11:12:56 +0000  copying file ./Payload/ordertank.app/TOCropViewControllerBundle.bundle/fa-IR.lproj/TOCropViewControllerLocalizable.strings ... 
2024-08-27 11:12:56 +0000  210 bytes for ./Payload/ordertank.app/TOCropViewControllerBundle.bundle/fa-IR.lproj/TOCropViewControllerLocalizable.strings
2024-08-27 11:12:56 +0000  copying file ./Payload/ordertank.app/TOCropViewControllerBundle.bundle/hu.lproj/TOCropViewControllerLocalizable.strings ... 
2024-08-27 11:12:56 +0000  194 bytes for ./Payload/ordertank.app/TOCropViewControllerBundle.bundle/hu.lproj/TOCropViewControllerLocalizable.strings
copying file ./Payload/ordertank.app/TOCropViewControllerBundle.bundle/da-DK.lproj/TOCropViewControllerLocalizable.strings ... 
2024-08-27 11:12:56 +0000  174 bytes for ./Payload/ordertank.app/TOCropViewControllerBundle.bundle/da-DK.lproj/TOCropViewControllerLocalizable.strings
2024-08-27 11:12:56 +0000  copying file ./Payload/ordertank.app/TOCropViewControllerBundle.bundle/tr.lproj/TOCropViewControllerLocalizable.strings ... 
2024-08-27 11:12:56 +0000  183 bytes for ./Payload/ordertank.app/TOCropViewControllerBundle.bundle/tr.lproj/TOCropViewControllerLocalizable.strings
2024-08-27 11:12:56 +0000  copying file ./Payload/ordertank.app/TOCropViewControllerBundle.bundle/pl.lproj/TOCropViewControllerLocalizable.strings ... 
2024-08-27 11:12:56 +0000  171 bytes for ./Payload/ordertank.app/TOCropViewControllerBundle.bundle/pl.lproj/TOCropViewControllerLocalizable.strings
2024-08-27 11:12:56 +0000  copying file ./Payload/ordertank.app/TOCropViewControllerBundle.bundle/pt-BR.lproj/TOCropViewControllerLocalizable.strings ... 
2024-08-27 11:12:56 +0000  181 bytes for ./Payload/ordertank.app/TOCropViewControllerBundle.bundle/pt-BR.lproj/TOCropViewControllerLocalizable.strings
2024-08-27 11:12:56 +0000  copying file ./Payload/ordertank.app/TOCropViewControllerBundle.bundle/vi.lproj/TOCropViewControllerLocalizable.strings ... 
2024-08-27 11:12:56 +0000  178 bytes for ./Payload/ordertank.app/TOCropViewControllerBundle.bundle/vi.lproj/TOCropViewControllerLocalizable.strings
2024-08-27 11:12:56 +0000  copying file ./Payload/ordertank.app/TOCropViewControllerBundle.bundle/ru.lproj/TOCropViewControllerLocalizable.strings ... 
2024-08-27 11:12:56 +0000  237 bytes for ./Payload/ordertank.app/TOCropViewControllerBundle.bundle/ru.lproj/TOCropViewControllerLocalizable.strings
2024-08-27 11:12:56 +0000  copying file ./Payload/ordertank.app/TOCropViewControllerBundle.bundle/fr.lproj/TOCropViewControllerLocalizable.strings ... 
2024-08-27 11:12:56 +0000  193 bytes for ./Payload/ordertank.app/TOCropViewControllerBundle.bundle/fr.lproj/TOCropViewControllerLocalizable.strings
copying file ./Payload/ordertank.app/TOCropViewControllerBundle.bundle/fi.lproj/TOCropViewControllerLocalizable.strings ... 
2024-08-27 11:12:56 +0000  179 bytes for ./Payload/ordertank.app/TOCropViewControllerBundle.bundle/fi.lproj/TOCropViewControllerLocalizable.strings
2024-08-27 11:12:56 +0000  copying file ./Payload/ordertank.app/TOCropViewControllerBundle.bundle/id.lproj/TOCropViewControllerLocalizable.strings ... 
2024-08-27 11:12:56 +0000  178 bytes for ./Payload/ordertank.app/TOCropViewControllerBundle.bundle/id.lproj/TOCropViewControllerLocalizable.strings
copying file ./Payload/ordertank.app/TOCropViewControllerBundle.bundle/nl.lproj/TOCropViewControllerLocalizable.strings ... 
2024-08-27 11:12:56 +0000  178 bytes for ./Payload/ordertank.app/TOCropViewControllerBundle.bundle/nl.lproj/TOCropViewControllerLocalizable.strings
2024-08-27 11:12:56 +0000  copying file ./Payload/ordertank.app/TOCropViewControllerBundle.bundle/pt.lproj/TOCropViewControllerLocalizable.strings ... 
181 bytes for ./Payload/ordertank.app/TOCropViewControllerBundle.bundle/pt.lproj/TOCropViewControllerLocalizable.strings
2024-08-27 11:12:56 +0000  copying file ./Payload/ordertank.app/TOCropViewControllerBundle.bundle/ro.lproj/TOCropViewControllerLocalizable.strings ... 
2024-08-27 11:12:56 +0000  181 bytes for ./Payload/ordertank.app/TOCropViewControllerBundle.bundle/ro.lproj/TOCropViewControllerLocalizable.strings
copying file ./Payload/ordertank.app/TOCropViewControllerBundle.bundle/Info.plist ... 
2024-08-27 11:12:56 +0000  797 bytes for ./Payload/ordertank.app/TOCropViewControllerBundle.bundle/Info.plist
2024-08-27 11:12:56 +0000  copying file ./Payload/ordertank.app/TOCropViewControllerBundle.bundle/ca.lproj/TOCropViewControllerLocalizable.strings ... 
2024-08-27 11:12:56 +0000  177 bytes for ./Payload/ordertank.app/TOCropViewControllerBundle.bundle/ca.lproj/TOCropViewControllerLocalizable.strings
2024-08-27 11:12:56 +0000  copying file ./Payload/ordertank.app/Frameworks/hermes.framework/_CodeSignature/CodeResources ... 
2024-08-27 11:12:56 +0000  1798 bytes for ./Payload/ordertank.app/Frameworks/hermes.framework/_CodeSignature/CodeResources
2024-08-27 11:12:56 +0000  copying file ./Payload/ordertank.app/Frameworks/hermes.framework/hermes ... 
2024-08-27 11:12:56 +0000  4448800 bytes for ./Payload/ordertank.app/Frameworks/hermes.framework/hermes
copying file ./Payload/ordertank.app/Frameworks/hermes.framework/Info.plist ... 
2024-08-27 11:12:56 +0000  815 bytes for ./Payload/ordertank.app/Frameworks/hermes.framework/Info.plist
copying file ./Payload/ordertank.app/embedded.mobileprovision ... 
2024-08-27 11:12:56 +0000  21003 bytes for ./Payload/ordertank.app/embedded.mobileprovision
2024-08-27 11:12:56 +0000  copying file ./Payload/ordertank.app/assets/node_modules/@react-navigation/bottom-tabs/node_modules/@react-navigation/elements/src/assets/back-icon@3x.png ... 
2024-08-27 11:12:56 +0000  761 bytes for ./Payload/ordertank.app/assets/node_modules/@react-navigation/bottom-tabs/node_modules/@react-navigation/elements/src/assets/back-icon@3x.png
copying file ./Payload/ordertank.app/assets/node_modules/@react-navigation/bottom-tabs/node_modules/@react-navigation/elements/src/assets/back-icon@2x.png ... 
2024-08-27 11:12:56 +0000  405 bytes for ./Payload/ordertank.app/assets/node_modules/@react-navigation/bottom-tabs/node_modules/@react-navigation/elements/src/assets/back-icon@2x.png
copying file ./Payload/ordertank.app/assets/node_modules/@react-navigation/bottom-tabs/node_modules/@react-navigation/elements/src/assets/back-icon.png ... 
290 bytes for ./Payload/ordertank.app/assets/node_modules/@react-navigation/bottom-tabs/node_modules/@react-navigation/elements/src/assets/back-icon.png
2024-08-27 11:12:56 +0000  copying file ./Payload/ordertank.app/assets/node_modules/@react-navigation/bottom-tabs/node_modules/@react-navigation/elements/src/assets/back-icon-mask.png ... 
913 bytes for ./Payload/ordertank.app/assets/node_modules/@react-navigation/bottom-tabs/node_modules/@react-navigation/elements/src/assets/back-icon-mask.png
2024-08-27 11:12:56 +0000  copying file ./Payload/ordertank.app/assets/node_modules/@react-navigation/elements/src/assets/back-icon@3x.png ... 
2024-08-27 11:12:56 +0000  761 bytes for ./Payload/ordertank.app/assets/node_modules/@react-navigation/elements/src/assets/back-icon@3x.png
copying file ./Payload/ordertank.app/assets/node_modules/@react-navigation/elements/src/assets/back-icon@2x.png ... 
2024-08-27 11:12:56 +0000  405 bytes for ./Payload/ordertank.app/assets/node_modules/@react-navigation/elements/src/assets/back-icon@2x.png
copying file ./Payload/ordertank.app/assets/node_modules/@react-navigation/elements/src/assets/back-icon.png ... 
290 bytes for ./Payload/ordertank.app/assets/node_modules/@react-navigation/elements/src/assets/back-icon.png
copying file ./Payload/ordertank.app/assets/node_modules/@react-navigation/elements/src/assets/back-icon-mask.png ... 
2024-08-27 11:12:56 +0000  913 bytes for ./Payload/ordertank.app/assets/node_modules/@react-navigation/elements/src/assets/back-icon-mask.png
2024-08-27 11:12:56 +0000  copying file ./Payload/ordertank.app/assets/node_modules/react-native-element-dropdown/src/assets/down.png ... 
2024-08-27 11:12:56 +0000  186 bytes for ./Payload/ordertank.app/assets/node_modules/react-native-element-dropdown/src/assets/down.png
copying file ./Payload/ordertank.app/assets/node_modules/react-native-element-dropdown/src/assets/close.png ... 
208 bytes for ./Payload/ordertank.app/assets/node_modules/react-native-element-dropdown/src/assets/close.png
2024-08-27 11:12:56 +0000  copying file ./Payload/ordertank.app/assets/src/assets/images/group.png ... 
2024-08-27 11:12:56 +0000  83346 bytes for ./Payload/ordertank.app/assets/src/assets/images/group.png
2024-08-27 11:12:56 +0000  copying file ./Payload/ordertank.app/assets/src/assets/images/product.png ... 
2024-08-27 11:12:56 +0000  19728 bytes for ./Payload/ordertank.app/assets/src/assets/images/product.png
copying file ./Payload/ordertank.app/assets/src/assets/images/Product-new.png ... 
2024-08-27 11:12:56 +0000  2390 bytes for ./Payload/ordertank.app/assets/src/assets/images/Product-new.png
2024-08-27 11:12:56 +0000  copying file ./Payload/ordertank.app/assets/src/assets/images/background.png ... 
2024-08-27 11:12:56 +0000  139629 bytes for ./Payload/ordertank.app/assets/src/assets/images/background.png
copying file ./Payload/ordertank.app/assets/src/assets/images/splash.png ... 
2024-08-27 11:12:56 +0000  290045 bytes for ./Payload/ordertank.app/assets/src/assets/images/splash.png
copying file ./Payload/ordertank.app/assets/src/assets/images/Company.png ... 
2024-08-27 11:12:56 +0000  9554 bytes for ./Payload/ordertank.app/assets/src/assets/images/Company.png
copying file ./Payload/ordertank.app/assets/src/assets/images/supplier.png ... 
2024-08-27 11:12:56 +0000  27283 bytes for ./Payload/ordertank.app/assets/src/assets/images/supplier.png
copying file ./Payload/ordertank.app/assets/src/assets/images/notification.png ... 
2024-08-27 11:12:56 +0000  2848 bytes for ./Payload/ordertank.app/assets/src/assets/images/notification.png
2024-08-27 11:12:56 +0000  copying file ./Payload/ordertank.app/Info.plist ... 
3129 bytes for ./Payload/ordertank.app/Info.plist
copying file ./Payload/ordertank.app/Lexend-Medium.ttf ... 
2024-08-27 11:12:56 +0000  78696 bytes for ./Payload/ordertank.app/Lexend-Medium.ttf
copying file ./Payload/ordertank.app/PkgInfo ... 
2024-08-27 11:12:56 +0000  8 bytes for ./Payload/ordertank.app/PkgInfo
copying file ./Payload/ordertank.app/Lexend-Bold.ttf ... 
2024-08-27 11:12:56 +0000  78632 bytes for ./Payload/ordertank.app/Lexend-Bold.ttf
2024-08-27 11:12:56 +0000  /usr/bin/ditto exited with 0
2024-08-27 11:12:56 +0000  Processing step: IDEDistributionAppStoreInformationStep
2024-08-27 11:12:56 +0000  Skipping step: IDEDistributionAppStoreInformationStep because it said so
2024-08-27 11:12:56 +0000  Processing step: IDEDistributionGenerateProcessedDistributionItems
2024-08-27 11:12:56 +0000  IDEDistributionItem init <DVTFilePath:0x600051d78080:'/var/folders/95/jk8djvtd27v783jktv4xlssw0000gn/T/XcodeDistPipeline.~~~SXJ7hs/Root/Payload/ordertank.app/Frameworks/hermes.framework'>
2024-08-27 11:12:56 +0000  IDEDistributionItem init <DVTFilePath:0x600051d5ee00:'/var/folders/95/jk8djvtd27v783jktv4xlssw0000gn/T/XcodeDistPipeline.~~~SXJ7hs/Root/Payload/ordertank.app'>
2024-08-27 11:12:56 +0000  Processing step: IDEDistributionCreateManifestStep
